#
# There is insufficient memory for the Java Runtime Environment to continue.
# Native memory allocation (malloc) failed to allocate 2238384 bytes for Chunk::new
# Possible reasons:
#   The system is out of physical RAM or swap space
#   The process is running with CompressedOops enabled, and the Java Heap may be blocking the growth of the native heap
# Possible solutions:
#   Reduce memory load on the system
#   Increase physical memory or swap space
#   Check if swap backing store is full
#   Decrease Java heap size (-Xmx/-Xms)
#   Decrease number of Java threads
#   Decrease Java thread stack sizes (-Xss)
#   Set larger code cache with -XX:ReservedCodeCacheSize=
#   JVM is running with Zero Based Compressed Oops mode in which the Java heap is
#     placed in the first 32GB address space. The Java Heap base address is the
#     maximum limit for the native heap growth. Please use -XX:HeapBaseMinAddress
#     to set the Java Heap base and to place the Java Heap above 32GB virtual address.
# This output file may be truncated or incomplete.
#
#  Out of Memory Error (arena.cpp:189), pid=64184, tid=14268
#
# JRE version: OpenJDK Runtime Environment (17.0.6) (build 17.0.6+0-b2043.56-10027231)
# Java VM: OpenJDK 64-Bit Server VM (17.0.6+0-b2043.56-10027231, mixed mode, tiered, compressed oops, compressed class ptrs, g1 gc, windows-amd64)
# No core dump will be written. Minidumps are not enabled by default on client versions of Windows
#

---------------  S U M M A R Y ------------

Command Line: -XX:+HeapDumpOnOutOfMemoryError --add-opens=java.base/java.util=ALL-UNNAMED --add-opens=java.base/java.lang=ALL-UNNAMED --add-opens=java.base/java.lang.invoke=ALL-UNNAMED --add-opens=java.prefs/java.util.prefs=ALL-UNNAMED --add-opens=java.base/java.nio.charset=ALL-UNNAMED --add-opens=java.base/java.net=ALL-UNNAMED --add-opens=java.base/java.util.concurrent.atomic=ALL-UNNAMED -Xmx4G -Dfile.encoding=windows-1252 -Duser.country=IN -Duser.language=en -Duser.variant -javaagent:C:\Users\shrey\.gradle\wrapper\dists\gradle-8.5-all\3zlzzgtsutfj0pbojr50n2l7z\gradle-8.5\lib\agents\gradle-instrumentation-agent-8.5.jar org.gradle.launcher.daemon.bootstrap.GradleDaemon 8.5

Host: AMD Ryzen 5 5600H with Radeon Graphics         , 12 cores, 7G,  Windows 11 , 64 bit Build 22621 (10.0.22621.3527)
Time: Thu Jun 27 17:25:10 2024 India Standard Time elapsed time: 56.151713 seconds (0d 0h 0m 56s)

---------------  T H R E A D  ---------------

Current thread (0x00000297519ee5e0):  JavaThread "C2 CompilerThread0" daemon [_thread_in_native, id=14268, stack(0x000000a0df800000,0x000000a0df900000)]


Current CompileTask:
C2:  56153 11738       4       org.objectweb.asm.Frame::execute (2318 bytes)

Stack: [0x000000a0df800000,0x000000a0df900000]
Native frames: (J=compiled Java code, j=interpreted, Vv=VM code, C=native code)
V  [jvm.dll+0x683c9a]
V  [jvm.dll+0x8427a4]
V  [jvm.dll+0x843f9e]
V  [jvm.dll+0x844603]
V  [jvm.dll+0x249b75]
V  [jvm.dll+0xabcac]
V  [jvm.dll+0xac27c]
V  [jvm.dll+0x368857]
V  [jvm.dll+0x332f31]
V  [jvm.dll+0x3323da]
V  [jvm.dll+0x21c201]
V  [jvm.dll+0x21b621]
V  [jvm.dll+0x1a4fdd]
V  [jvm.dll+0x22b098]
V  [jvm.dll+0x229159]
V  [jvm.dll+0x7f81ec]
V  [jvm.dll+0x7f274a]
V  [jvm.dll+0x682ad5]
C  [ucrtbase.dll+0x29333]
C  [KERNEL32.DLL+0x1257d]
C  [ntdll.dll+0x5aa48]


---------------  P R O C E S S  ---------------

Threads class SMR info:
_java_thread_list=0x0000029760a5f380, length=88, elements={
0x0000029732b44600, 0x0000029752435030, 0x0000029752436550, 0x00000297519e6f10,
0x00000297519e7c90, 0x00000297519eb7c0, 0x00000297519ec910, 0x00000297519ee5e0,
0x0000029752467270, 0x0000029752468400, 0x0000029752530650, 0x000002975267f610,
0x0000029753b5a0a0, 0x0000029752e32540, 0x0000029752e31200, 0x0000029752e33880,
0x0000029752e30d30, 0x0000029752e31ba0, 0x0000029752e32070, 0x0000029752e32ee0,
0x0000029752e333b0, 0x0000029752e33d50, 0x0000029752e34220, 0x0000029752e30860,
0x0000029755729f30, 0x0000029755726570, 0x0000029755725bd0, 0x000002975572a400,
0x0000029755726a40, 0x0000029755726f10, 0x0000029755729590, 0x0000029755729a60,
0x0000029755728720, 0x0000029755723080, 0x00000297557273e0, 0x0000029755728bf0,
0x00000297557290c0, 0x0000029755725230, 0x00000297557243c0, 0x0000029755723ef0,
0x00000297557260a0, 0x00000297598ab370, 0x00000297598a6b40, 0x0000029759d29fe0,
0x0000029759d2a980, 0x0000029759d2b320, 0x0000029759d2b7f0, 0x0000029759d2bcc0,
0x0000029759d29170, 0x0000029759d29b10, 0x0000029759d26fc0, 0x0000029759d2c190,
0x0000029759d27490, 0x0000029759d29640, 0x0000029759d2c660, 0x0000029759d2a4b0,
0x0000029759d2cb30, 0x0000029759d27960, 0x0000029759d27e30, 0x0000029759d287d0,
0x00000297598ac6b0, 0x00000297598a5cd0, 0x00000297556142c0, 0x0000029755615fa0,
0x00000297556177b0, 0x0000029755617c80, 0x0000029755615ad0, 0x0000029755616470,
0x0000029755614790, 0x00000297556172e0, 0x0000029755612ab0, 0x0000029755610900,
0x0000029755616e10, 0x0000029755618150, 0x0000029755614c60, 0x0000029755610dd0,
0x00000297556112a0, 0x0000029755611770, 0x0000029755611c40, 0x0000029755612110,
0x00000297556125e0, 0x0000029755612f80, 0x0000029755615600, 0x0000029755613450,
0x0000029755613920, 0x0000029755613df0, 0x0000029755615130, 0x000002975f92a0d0
}

Java Threads: ( => current thread )
  0x0000029732b44600 JavaThread "main" [_thread_blocked, id=48764, stack(0x000000a0deb00000,0x000000a0dec00000)]
  0x0000029752435030 JavaThread "Reference Handler" daemon [_thread_blocked, id=65760, stack(0x000000a0df200000,0x000000a0df300000)]
  0x0000029752436550 JavaThread "Finalizer" daemon [_thread_blocked, id=67824, stack(0x000000a0df300000,0x000000a0df400000)]
  0x00000297519e6f10 JavaThread "Signal Dispatcher" daemon [_thread_blocked, id=53360, stack(0x000000a0df400000,0x000000a0df500000)]
  0x00000297519e7c90 JavaThread "Attach Listener" daemon [_thread_blocked, id=30456, stack(0x000000a0df500000,0x000000a0df600000)]
  0x00000297519eb7c0 JavaThread "Service Thread" daemon [_thread_blocked, id=65996, stack(0x000000a0df600000,0x000000a0df700000)]
  0x00000297519ec910 JavaThread "Monitor Deflation Thread" daemon [_thread_blocked, id=51020, stack(0x000000a0df700000,0x000000a0df800000)]
=>0x00000297519ee5e0 JavaThread "C2 CompilerThread0" daemon [_thread_in_native, id=14268, stack(0x000000a0df800000,0x000000a0df900000)]
  0x0000029752467270 JavaThread "C1 CompilerThread0" daemon [_thread_blocked, id=60204, stack(0x000000a0df900000,0x000000a0dfa00000)]
  0x0000029752468400 JavaThread "Sweeper thread" daemon [_thread_blocked, id=43208, stack(0x000000a0dfa00000,0x000000a0dfb00000)]
  0x0000029752530650 JavaThread "Common-Cleaner" daemon [_thread_blocked, id=62868, stack(0x000000a0dfb00000,0x000000a0dfc00000)]
  0x000002975267f610 JavaThread "Notification Thread" daemon [_thread_blocked, id=56784, stack(0x000000a0dfc00000,0x000000a0dfd00000)]
  0x0000029753b5a0a0 JavaThread "Daemon health stats" [_thread_blocked, id=68320, stack(0x000000a0e0200000,0x000000a0e0300000)]
  0x0000029752e32540 JavaThread "Incoming local TCP Connector on port 49603" [_thread_in_native, id=68312, stack(0x000000a0e0300000,0x000000a0e0400000)]
  0x0000029752e31200 JavaThread "Daemon periodic checks" [_thread_blocked, id=68444, stack(0x000000a0e0400000,0x000000a0e0500000)]
  0x0000029752e33880 JavaThread "Daemon" [_thread_blocked, id=68048, stack(0x000000a0e0500000,0x000000a0e0600000)]
  0x0000029752e30d30 JavaThread "Handler for socket connection from /127.0.0.1:49603 to /127.0.0.1:49604" [_thread_in_native, id=68568, stack(0x000000a0e0600000,0x000000a0e0700000)]
  0x0000029752e31ba0 JavaThread "Cancel handler" [_thread_blocked, id=33592, stack(0x000000a0e0700000,0x000000a0e0800000)]
  0x0000029752e32070 JavaThread "Daemon worker" [_thread_blocked, id=41100, stack(0x000000a0e0800000,0x000000a0e0900000)]
  0x0000029752e32ee0 JavaThread "Asynchronous log dispatcher for DefaultDaemonConnection: socket connection from /127.0.0.1:49603 to /127.0.0.1:49604" [_thread_blocked, id=49316, stack(0x000000a0e0900000,0x000000a0e0a00000)]
  0x0000029752e333b0 JavaThread "Stdin handler" [_thread_blocked, id=60948, stack(0x000000a0e0a00000,0x000000a0e0b00000)]
  0x0000029752e33d50 JavaThread "Daemon client event forwarder" [_thread_blocked, id=64328, stack(0x000000a0e0b00000,0x000000a0e0c00000)]
  0x0000029752e34220 JavaThread "Cache worker for journal cache (C:\Users\shrey\.gradle\caches\journal-1)" [_thread_blocked, id=34552, stack(0x000000a0e1300000,0x000000a0e1400000)]
  0x0000029752e30860 JavaThread "File lock request listener" [_thread_in_native, id=20592, stack(0x000000a0e1400000,0x000000a0e1500000)]
  0x0000029755729f30 JavaThread "File lock release action executor" [_thread_blocked, id=62004, stack(0x000000a0e1500000,0x000000a0e1600000)]
  0x0000029755726570 JavaThread "Cache worker for file hash cache (C:\Users\shrey\.gradle\caches\8.5\fileHashes)" [_thread_blocked, id=23244, stack(0x000000a0e1600000,0x000000a0e1700000)]
  0x0000029755725bd0 JavaThread "File watcher server" daemon [_thread_in_native, id=59148, stack(0x000000a0e1700000,0x000000a0e1800000)]
  0x000002975572a400 JavaThread "File watcher consumer" daemon [_thread_blocked, id=45900, stack(0x000000a0e1800000,0x000000a0e1900000)]
  0x0000029755726a40 JavaThread "Cache worker for checksums cache (C:\Nir\nirmaya\android\.gradle\8.5\checksums)" [_thread_blocked, id=61268, stack(0x000000a0e1900000,0x000000a0e1a00000)]
  0x0000029755726f10 JavaThread "Cache worker for file hash cache (C:\Nir\nirmaya\android\.gradle\8.5\fileHashes)" [_thread_blocked, id=38360, stack(0x000000a0e1a00000,0x000000a0e1b00000)]
  0x0000029755729590 JavaThread "Cache worker for cache directory md-supplier (C:\Users\shrey\.gradle\caches\8.5\md-supplier)" [_thread_blocked, id=60880, stack(0x000000a0e1b00000,0x000000a0e1c00000)]
  0x0000029755729a60 JavaThread "Cache worker for cache directory md-rule (C:\Users\shrey\.gradle\caches\8.5\md-rule)" [_thread_blocked, id=54328, stack(0x000000a0e1c00000,0x000000a0e1d00000)]
  0x0000029755728720 JavaThread "Cache worker for file content cache (C:\Users\shrey\.gradle\caches\8.5\fileContent)" [_thread_blocked, id=68336, stack(0x000000a0e1d00000,0x000000a0e1e00000)]
  0x0000029755723080 JavaThread "Cache worker for execution history cache (C:\Users\shrey\.gradle\caches\8.5\executionHistory)" [_thread_blocked, id=65276, stack(0x000000a0e1e00000,0x000000a0e1f00000)]
  0x00000297557273e0 JavaThread "jar transforms" [_thread_blocked, id=43324, stack(0x000000a0e1f00000,0x000000a0e2000000)]
  0x0000029755728bf0 JavaThread "Cache worker for kotlin-dsl (C:\Users\shrey\.gradle\caches\8.5\kotlin-dsl)" [_thread_blocked, id=63004, stack(0x000000a0e2000000,0x000000a0e2100000)]
  0x00000297557290c0 JavaThread "jar transforms Thread 2" [_thread_blocked, id=62624, stack(0x000000a0e2100000,0x000000a0e2200000)]
  0x0000029755725230 JavaThread "jar transforms Thread 3" [_thread_blocked, id=62020, stack(0x000000a0e2200000,0x000000a0e2300000)]
  0x00000297557243c0 JavaThread "Cache worker for dependencies-accessors (C:\Nir\nirmaya\android\.gradle\8.5\dependencies-accessors)" [_thread_blocked, id=67680, stack(0x000000a0e2300000,0x000000a0e2400000)]
  0x0000029755723ef0 JavaThread "Cache worker for Build Output Cleanup Cache (C:\Users\shrey\Downloads\flutter_windows_3.13.5-stable\flutter\packages\flutter_tools\gradle\.gradle\buildOutputCleanup)" [_thread_blocked, id=68004, stack(0x000000a0e2400000,0x000000a0e2500000)]
  0x00000297557260a0 JavaThread "jar transforms Thread 4" [_thread_blocked, id=59644, stack(0x000000a0e2500000,0x000000a0e2600000)]
  0x00000297598ab370 JavaThread "jar transforms Thread 5" [_thread_blocked, id=66736, stack(0x000000a0e2600000,0x000000a0e2700000)]
  0x00000297598a6b40 JavaThread "Memory manager" [_thread_blocked, id=22300, stack(0x000000a0e2700000,0x000000a0e2800000)]
  0x0000029759d29fe0 JavaThread "jar transforms Thread 6" [_thread_blocked, id=3848, stack(0x000000a0e2800000,0x000000a0e2900000)]
  0x0000029759d2a980 JavaThread "jar transforms Thread 7" [_thread_blocked, id=54724, stack(0x000000a0e2900000,0x000000a0e2a00000)]
  0x0000029759d2b320 JavaThread "included builds" [_thread_blocked, id=65312, stack(0x000000a0e3100000,0x000000a0e3200000)]
  0x0000029759d2b7f0 JavaThread "Execution worker" [_thread_blocked, id=44972, stack(0x000000a0e3200000,0x000000a0e3300000)]
  0x0000029759d2bcc0 JavaThread "Execution worker Thread 2" [_thread_blocked, id=29640, stack(0x000000a0e3300000,0x000000a0e3400000)]
  0x0000029759d29170 JavaThread "Execution worker Thread 3" [_thread_blocked, id=62728, stack(0x000000a0e3400000,0x000000a0e3500000)]
  0x0000029759d29b10 JavaThread "Execution worker Thread 4" [_thread_blocked, id=23912, stack(0x000000a0e3500000,0x000000a0e3600000)]
  0x0000029759d26fc0 JavaThread "Execution worker Thread 5" [_thread_blocked, id=61920, stack(0x000000a0e3600000,0x000000a0e3700000)]
  0x0000029759d2c190 JavaThread "Execution worker Thread 6" [_thread_blocked, id=47916, stack(0x000000a0e3700000,0x000000a0e3800000)]
  0x0000029759d27490 JavaThread "Execution worker Thread 7" [_thread_blocked, id=37024, stack(0x000000a0e3800000,0x000000a0e3900000)]
  0x0000029759d29640 JavaThread "Execution worker Thread 8" [_thread_blocked, id=2128, stack(0x000000a0e3900000,0x000000a0e3a00000)]
  0x0000029759d2c660 JavaThread "Execution worker Thread 9" [_thread_blocked, id=6856, stack(0x000000a0e3a00000,0x000000a0e3b00000)]
  0x0000029759d2a4b0 JavaThread "Execution worker Thread 10" [_thread_blocked, id=68384, stack(0x000000a0e3b00000,0x000000a0e3c00000)]
  0x0000029759d2cb30 JavaThread "Execution worker Thread 11" [_thread_blocked, id=68340, stack(0x000000a0e3c00000,0x000000a0e3d00000)]
  0x0000029759d27960 JavaThread "Cache worker for execution history cache (C:\Users\shrey\Downloads\flutter_windows_3.13.5-stable\flutter\packages\flutter_tools\gradle\.gradle\8.5\executionHistory)" [_thread_blocked, id=54448, stack(0x000000a0e3d00000,0x000000a0e3e00000)]
  0x0000029759d27e30 JavaThread "Unconstrained build operations" [_thread_blocked, id=36576, stack(0x000000a0e3e00000,0x000000a0e3f00000)]
  0x0000029759d287d0 JavaThread "Unconstrained build operations Thread 2" [_thread_blocked, id=36708, stack(0x000000a0e3f00000,0x000000a0e4000000)]
  0x00000297598ac6b0 JavaThread "Unconstrained build operations Thread 3" [_thread_blocked, id=67060, stack(0x000000a0e4000000,0x000000a0e4100000)]
  0x00000297598a5cd0 JavaThread "Unconstrained build operations Thread 4" [_thread_blocked, id=55944, stack(0x000000a0e4100000,0x000000a0e4200000)]
  0x00000297556142c0 JavaThread "Unconstrained build operations Thread 5" [_thread_blocked, id=57096, stack(0x000000a0e4200000,0x000000a0e4300000)]
  0x0000029755615fa0 JavaThread "Unconstrained build operations Thread 6" [_thread_blocked, id=67612, stack(0x000000a0e4300000,0x000000a0e4400000)]
  0x00000297556177b0 JavaThread "Unconstrained build operations Thread 7" [_thread_blocked, id=67512, stack(0x000000a0e4400000,0x000000a0e4500000)]
  0x0000029755617c80 JavaThread "Unconstrained build operations Thread 8" [_thread_blocked, id=36944, stack(0x000000a0e4500000,0x000000a0e4600000)]
  0x0000029755615ad0 JavaThread "Unconstrained build operations Thread 9" [_thread_blocked, id=31708, stack(0x000000a0e4600000,0x000000a0e4700000)]
  0x0000029755616470 JavaThread "Unconstrained build operations Thread 10" [_thread_blocked, id=66324, stack(0x000000a0e4700000,0x000000a0e4800000)]
  0x0000029755614790 JavaThread "Exec process" [_thread_blocked, id=59964, stack(0x000000a0e4900000,0x000000a0e4a00000)]
  0x00000297556172e0 JavaThread "Exec process Thread 2" [_thread_blocked, id=65776, stack(0x000000a0e4b00000,0x000000a0e4c00000)]
  0x0000029755612ab0 JavaThread "Exec process Thread 3" [_thread_blocked, id=67840, stack(0x000000a0e4c00000,0x000000a0e4d00000)]
  0x0000029755610900 JavaThread "Exec process Thread 4" [_thread_blocked, id=67676, stack(0x000000a0e4d00000,0x000000a0e4e00000)]
  0x0000029755616e10 JavaThread "Unconstrained build operations Thread 11" [_thread_blocked, id=39972, stack(0x000000a0e3000000,0x000000a0e3100000)]
  0x0000029755618150 JavaThread "Unconstrained build operations Thread 12" [_thread_blocked, id=35584, stack(0x000000a0e4800000,0x000000a0e4900000)]
  0x0000029755614c60 JavaThread "Unconstrained build operations Thread 13" [_thread_blocked, id=16268, stack(0x000000a0e4a00000,0x000000a0e4b00000)]
  0x0000029755610dd0 JavaThread "Unconstrained build operations Thread 14" [_thread_blocked, id=39704, stack(0x000000a0e4e00000,0x000000a0e4f00000)]
  0x00000297556112a0 JavaThread "Unconstrained build operations Thread 15" [_thread_blocked, id=48808, stack(0x000000a0e4f00000,0x000000a0e5000000)]
  0x0000029755611770 JavaThread "Unconstrained build operations Thread 16" [_thread_blocked, id=27268, stack(0x000000a0e5000000,0x000000a0e5100000)]
  0x0000029755611c40 JavaThread "Unconstrained build operations Thread 17" [_thread_blocked, id=60188, stack(0x000000a0e5200000,0x000000a0e5300000)]
  0x0000029755612110 JavaThread "Unconstrained build operations Thread 18" [_thread_blocked, id=19708, stack(0x000000a0e5300000,0x000000a0e5400000)]
  0x00000297556125e0 JavaThread "Unconstrained build operations Thread 19" [_thread_blocked, id=51796, stack(0x000000a0e5400000,0x000000a0e5500000)]
  0x0000029755612f80 JavaThread "Unconstrained build operations Thread 20" [_thread_blocked, id=22344, stack(0x000000a0e5500000,0x000000a0e5600000)]
  0x0000029755615600 JavaThread "Unconstrained build operations Thread 21" [_thread_blocked, id=44848, stack(0x000000a0e5600000,0x000000a0e5700000)]
  0x0000029755613450 JavaThread "jar transforms Thread 8" [_thread_blocked, id=67796, stack(0x000000a0e5700000,0x000000a0e5800000)]
  0x0000029755613920 JavaThread "jar transforms Thread 9" [_thread_blocked, id=44904, stack(0x000000a0e5800000,0x000000a0e5900000)]
  0x0000029755613df0 JavaThread "jar transforms Thread 10" [_thread_blocked, id=34208, stack(0x000000a0e5900000,0x000000a0e5a00000)]
  0x0000029755615130 JavaThread "jar transforms Thread 11" [_thread_blocked, id=38356, stack(0x000000a0e5a00000,0x000000a0e5b00000)]
  0x000002975f92a0d0 JavaThread "jar transforms Thread 12" [_thread_blocked, id=68440, stack(0x000000a0e5b00000,0x000000a0e5c00000)]

Other Threads:
  0x000002975241f630 VMThread "VM Thread" [stack: 0x000000a0df100000,0x000000a0df200000] [id=62972]
  0x0000029732b45470 WatcherThread [stack: 0x000000a0dfd00000,0x000000a0dfe00000] [id=68160]
  0x0000029732bb1400 GCTaskThread "GC Thread#0" [stack: 0x000000a0dec00000,0x000000a0ded00000] [id=14324]
  0x00000297530a8740 GCTaskThread "GC Thread#1" [stack: 0x000000a0dfe00000,0x000000a0dff00000] [id=53992]
  0x00000297534cbc60 GCTaskThread "GC Thread#2" [stack: 0x000000a0dff00000,0x000000a0e0000000] [id=32784]
  0x000002975329c0e0 GCTaskThread "GC Thread#3" [stack: 0x000000a0e0000000,0x000000a0e0100000] [id=55400]
  0x0000029753965000 GCTaskThread "GC Thread#4" [stack: 0x000000a0e0100000,0x000000a0e0200000] [id=67500]
  0x0000029754ab9ce0 GCTaskThread "GC Thread#5" [stack: 0x000000a0e0c00000,0x000000a0e0d00000] [id=68492]
  0x0000029754e149d0 GCTaskThread "GC Thread#6" [stack: 0x000000a0e0d00000,0x000000a0e0e00000] [id=19372]
  0x0000029755140060 GCTaskThread "GC Thread#7" [stack: 0x000000a0e0e00000,0x000000a0e0f00000] [id=30908]
  0x0000029755140310 GCTaskThread "GC Thread#8" [stack: 0x000000a0e0f00000,0x000000a0e1000000] [id=45628]
  0x000002975515c040 GCTaskThread "GC Thread#9" [stack: 0x000000a0e1000000,0x000000a0e1100000] [id=30144]
  0x0000029732bc2340 ConcurrentGCThread "G1 Main Marker" [stack: 0x000000a0ded00000,0x000000a0dee00000] [id=53836]
  0x0000029732bc2d50 ConcurrentGCThread "G1 Conc#0" [stack: 0x000000a0dee00000,0x000000a0def00000] [id=41288]
  0x0000029753027910 ConcurrentGCThread "G1 Conc#1" [stack: 0x000000a0e1100000,0x000000a0e1200000] [id=68060]
  0x0000029754dd6390 ConcurrentGCThread "G1 Conc#2" [stack: 0x000000a0e1200000,0x000000a0e1300000] [id=68052]
  0x000002975182a8a0 ConcurrentGCThread "G1 Refine#0" [stack: 0x000000a0def00000,0x000000a0df000000] [id=65204]
  0x0000029753794970 ConcurrentGCThread "G1 Refine#1" [stack: 0x000000a0e2a00000,0x000000a0e2b00000] [id=68460]
  0x0000029753794c50 ConcurrentGCThread "G1 Refine#2" [stack: 0x000000a0e2b00000,0x000000a0e2c00000] [id=52900]
  0x000002975308f1b0 ConcurrentGCThread "G1 Refine#3" [stack: 0x000000a0e2c00000,0x000000a0e2d00000] [id=24768]
  0x000002975308c690 ConcurrentGCThread "G1 Refine#4" [stack: 0x000000a0e2d00000,0x000000a0e2e00000] [id=61468]
  0x000002975308ebf0 ConcurrentGCThread "G1 Refine#5" [stack: 0x000000a0e2e00000,0x000000a0e2f00000] [id=67328]
  0x000002975308e350 ConcurrentGCThread "G1 Refine#6" [stack: 0x000000a0e2f00000,0x000000a0e3000000] [id=45156]
  0x000002975182b1d0 ConcurrentGCThread "G1 Service" [stack: 0x000000a0df000000,0x000000a0df100000] [id=32524]

Threads with active compile tasks:
C2 CompilerThread0    56448 11738       4       org.objectweb.asm.Frame::execute (2318 bytes)

VM state: at safepoint (normal execution)

VM Mutex/Monitor currently owned by a thread:  ([mutex/lock_event])
[0x0000029732b40cc0] Threads_lock - owner thread: 0x000002975241f630
[0x0000029732b40600] Heap_lock - owner thread: 0x0000029753b5a0a0
[0x0000029732b402a0] Compile_lock - owner thread: 0x0000029752e32070

Heap address: 0x0000000700000000, size: 4096 MB, Compressed Oops mode: Zero based, Oop shift amount: 3

CDS archive(s) not mapped
Compressed class space mapped at: 0x0000000800000000-0x0000000840000000, reserved size: 1073741824
Narrow klass base: 0x0000000800000000, Narrow klass shift: 0, Narrow klass range: 0x40000000

GC Precious Log:
 CPUs: 12 total, 12 available
 Memory: 7521M
 Large Page Support: Disabled
 NUMA Support: Disabled
 Compressed Oops: Enabled (Zero based)
 Heap Region Size: 2M
 Heap Min Capacity: 8M
 Heap Initial Capacity: 118M
 Heap Max Capacity: 4G
 Pre-touch: Disabled
 Parallel Workers: 10
 Concurrent Workers: 3
 Concurrent Refinement Workers: 10
 Periodic GC: Disabled

Heap:
 garbage-first heap   total 165888K, used 131677K [0x0000000700000000, 0x0000000800000000)
  region size 2048K, 23 young (47104K), 3 survivors (6144K)
 Metaspace       used 126784K, committed 127552K, reserved 1163264K
  class space    used 16694K, committed 17024K, reserved 1048576K

Heap Regions: E=young(eden), S=young(survivor), O=old, HS=humongous(starts), HC=humongous(continues), CS=collection set, F=free, OA=open archive, CA=closed archive, TAMS=top-at-mark-start (previous, next)
|   0|0x0000000700000000, 0x0000000700200000, 0x0000000700200000|100%|HS|  |TAMS 0x0000000700200000, 0x0000000700000000| Complete 
|   1|0x0000000700200000, 0x0000000700400000, 0x0000000700400000|100%|HC|  |TAMS 0x0000000700400000, 0x0000000700200000| Complete 
|   2|0x0000000700400000, 0x0000000700600000, 0x0000000700600000|100%| O|  |TAMS 0x0000000700600000, 0x0000000700400000| Untracked 
|   3|0x0000000700600000, 0x0000000700800000, 0x0000000700800000|100%| O|  |TAMS 0x0000000700800000, 0x0000000700600000| Untracked 
|   4|0x0000000700800000, 0x0000000700a00000, 0x0000000700a00000|100%| O|  |TAMS 0x0000000700a00000, 0x0000000700800000| Untracked 
|   5|0x0000000700a00000, 0x0000000700c00000, 0x0000000700c00000|100%| O|  |TAMS 0x0000000700c00000, 0x0000000700a00000| Untracked 
|   6|0x0000000700c00000, 0x0000000700e00000, 0x0000000700e00000|100%| O|  |TAMS 0x0000000700e00000, 0x0000000700c00000| Untracked 
|   7|0x0000000700e00000, 0x0000000701000000, 0x0000000701000000|100%| O|  |TAMS 0x0000000701000000, 0x0000000700e00000| Untracked 
|   8|0x0000000701000000, 0x0000000701200000, 0x0000000701200000|100%| O|  |TAMS 0x0000000701200000, 0x0000000701000000| Untracked 
|   9|0x0000000701200000, 0x0000000701400000, 0x0000000701400000|100%| O|  |TAMS 0x0000000701400000, 0x0000000701200000| Untracked 
|  10|0x0000000701400000, 0x0000000701600000, 0x0000000701600000|100%| O|  |TAMS 0x0000000701600000, 0x0000000701400000| Untracked 
|  11|0x0000000701600000, 0x0000000701800000, 0x0000000701800000|100%| O|  |TAMS 0x0000000701800000, 0x0000000701600000| Untracked 
|  12|0x0000000701800000, 0x0000000701a00000, 0x0000000701a00000|100%| O|  |TAMS 0x0000000701a00000, 0x0000000701800000| Untracked 
|  13|0x0000000701a00000, 0x0000000701c00000, 0x0000000701c00000|100%| O|  |TAMS 0x0000000701c00000, 0x0000000701a00000| Untracked 
|  14|0x0000000701c00000, 0x0000000701e00000, 0x0000000701e00000|100%| O|  |TAMS 0x0000000701e00000, 0x0000000701c00000| Untracked 
|  15|0x0000000701e00000, 0x0000000702000000, 0x0000000702000000|100%| O|  |TAMS 0x0000000702000000, 0x0000000701e00000| Untracked 
|  16|0x0000000702000000, 0x0000000702200000, 0x0000000702200000|100%| O|  |TAMS 0x0000000702200000, 0x0000000702000000| Untracked 
|  17|0x0000000702200000, 0x0000000702400000, 0x0000000702400000|100%| O|  |TAMS 0x0000000702400000, 0x0000000702200000| Untracked 
|  18|0x0000000702400000, 0x0000000702600000, 0x0000000702600000|100%| O|  |TAMS 0x0000000702600000, 0x0000000702400000| Untracked 
|  19|0x0000000702600000, 0x0000000702800000, 0x0000000702800000|100%| O|  |TAMS 0x0000000702800000, 0x0000000702600000| Untracked 
|  20|0x0000000702800000, 0x0000000702a00000, 0x0000000702a00000|100%| O|  |TAMS 0x0000000702a00000, 0x0000000702800000| Untracked 
|  21|0x0000000702a00000, 0x0000000702c00000, 0x0000000702c00000|100%| O|  |TAMS 0x0000000702c00000, 0x0000000702a00000| Untracked 
|  22|0x0000000702c00000, 0x0000000702e00000, 0x0000000702e00000|100%|HS|  |TAMS 0x0000000702e00000, 0x0000000702c00000| Complete 
|  23|0x0000000702e00000, 0x0000000703000000, 0x0000000703000000|100%|HC|  |TAMS 0x0000000703000000, 0x0000000702e00000| Complete 
|  24|0x0000000703000000, 0x0000000703200000, 0x0000000703200000|100%| O|  |TAMS 0x0000000703000000, 0x0000000703000000| Untracked 
|  25|0x0000000703200000, 0x0000000703400000, 0x0000000703400000|100%| O|  |TAMS 0x0000000703400000, 0x0000000703200000| Untracked 
|  26|0x0000000703400000, 0x0000000703600000, 0x0000000703600000|100%| O|  |TAMS 0x0000000703600000, 0x0000000703400000| Untracked 
|  27|0x0000000703600000, 0x0000000703800000, 0x0000000703800000|100%| O|  |TAMS 0x0000000703800000, 0x0000000703600000| Untracked 
|  28|0x0000000703800000, 0x0000000703a00000, 0x0000000703a00000|100%| O|  |TAMS 0x0000000703a00000, 0x0000000703800000| Untracked 
|  29|0x0000000703a00000, 0x0000000703c00000, 0x0000000703c00000|100%| O|  |TAMS 0x0000000703c00000, 0x0000000703a00000| Untracked 
|  30|0x0000000703c00000, 0x0000000703e00000, 0x0000000703e00000|100%| O|  |TAMS 0x0000000703e00000, 0x0000000703c00000| Untracked 
|  31|0x0000000703e00000, 0x0000000704000000, 0x0000000704000000|100%| O|  |TAMS 0x0000000704000000, 0x0000000703e00000| Untracked 
|  32|0x0000000704000000, 0x0000000704200000, 0x0000000704200000|100%| O|  |TAMS 0x0000000704200000, 0x0000000704000000| Untracked 
|  33|0x0000000704200000, 0x0000000704400000, 0x0000000704400000|100%| O|  |TAMS 0x0000000704400000, 0x0000000704200000| Untracked 
|  34|0x0000000704400000, 0x0000000704600000, 0x0000000704600000|100%| O|  |TAMS 0x00000007045e0000, 0x0000000704400000| Untracked 
|  35|0x0000000704600000, 0x0000000704800000, 0x0000000704800000|100%| O|  |TAMS 0x0000000704600000, 0x0000000704600000| Untracked 
|  36|0x0000000704800000, 0x0000000704a00000, 0x0000000704a00000|100%| O|  |TAMS 0x0000000704800000, 0x0000000704800000| Untracked 
|  37|0x0000000704a00000, 0x0000000704c00000, 0x0000000704c00000|100%| O|  |TAMS 0x0000000704a00000, 0x0000000704a00000| Untracked 
|  38|0x0000000704c00000, 0x0000000704e00000, 0x0000000704e00000|100%|HS|  |TAMS 0x0000000704c00000, 0x0000000704c00000| Complete 
|  39|0x0000000704e00000, 0x0000000705000000, 0x0000000705000000|100%| O|  |TAMS 0x0000000704e00000, 0x0000000704e00000| Untracked 
|  40|0x0000000705000000, 0x0000000705055720, 0x0000000705200000| 16%| O|  |TAMS 0x0000000705000000, 0x0000000705000000| Untracked 
|  41|0x0000000705200000, 0x0000000705200000, 0x0000000705400000|  0%| F|  |TAMS 0x0000000705200000, 0x0000000705200000| Untracked 
|  42|0x0000000705400000, 0x0000000705400000, 0x0000000705600000|  0%| F|  |TAMS 0x0000000705400000, 0x0000000705400000| Untracked 
|  43|0x0000000705600000, 0x0000000705600000, 0x0000000705800000|  0%| F|  |TAMS 0x0000000705600000, 0x0000000705600000| Untracked 
|  44|0x0000000705800000, 0x0000000705800000, 0x0000000705a00000|  0%| F|  |TAMS 0x0000000705800000, 0x0000000705800000| Untracked 
|  45|0x0000000705a00000, 0x0000000705a00000, 0x0000000705c00000|  0%| F|  |TAMS 0x0000000705a00000, 0x0000000705a00000| Untracked 
|  46|0x0000000705c00000, 0x0000000705c00000, 0x0000000705e00000|  0%| F|  |TAMS 0x0000000705c00000, 0x0000000705c00000| Untracked 
|  47|0x0000000705e00000, 0x0000000705e00000, 0x0000000706000000|  0%| F|  |TAMS 0x0000000705e00000, 0x0000000705e00000| Untracked 
|  48|0x0000000706000000, 0x0000000706200000, 0x0000000706200000|100%| E|CS|TAMS 0x0000000706000000, 0x0000000706000000| Complete 
|  49|0x0000000706200000, 0x0000000706400000, 0x0000000706400000|100%| E|CS|TAMS 0x0000000706200000, 0x0000000706200000| Complete 
|  50|0x0000000706400000, 0x0000000706600000, 0x0000000706600000|100%| E|CS|TAMS 0x0000000706400000, 0x0000000706400000| Complete 
|  51|0x0000000706600000, 0x0000000706800000, 0x0000000706800000|100%| E|CS|TAMS 0x0000000706600000, 0x0000000706600000| Complete 
|  52|0x0000000706800000, 0x0000000706800000, 0x0000000706a00000|  0%| F|  |TAMS 0x0000000706800000, 0x0000000706800000| Untracked 
|  53|0x0000000706a00000, 0x0000000706a00000, 0x0000000706c00000|  0%| F|  |TAMS 0x0000000706a00000, 0x0000000706a00000| Untracked 
|  54|0x0000000706c00000, 0x0000000706c00000, 0x0000000706e00000|  0%| F|  |TAMS 0x0000000706c00000, 0x0000000706c00000| Untracked 
|  55|0x0000000706e00000, 0x0000000706e00000, 0x0000000707000000|  0%| F|  |TAMS 0x0000000706e00000, 0x0000000706e00000| Untracked 
|  56|0x0000000707000000, 0x00000007071b1c00, 0x0000000707200000| 84%| S|  |TAMS 0x0000000707000000, 0x0000000707000000| Complete 
|  57|0x0000000707200000, 0x0000000707400000, 0x0000000707400000|100%| S|  |TAMS 0x0000000707200000, 0x0000000707200000| Complete 
|  58|0x0000000707400000, 0x0000000707600000, 0x0000000707600000|100%| S|  |TAMS 0x0000000707400000, 0x0000000707400000| Complete 
|  59|0x0000000707600000, 0x0000000707800000, 0x0000000707800000|100%| E|CS|TAMS 0x0000000707600000, 0x0000000707600000| Complete 
|  60|0x0000000707800000, 0x0000000707a00000, 0x0000000707a00000|100%| E|CS|TAMS 0x0000000707800000, 0x0000000707800000| Complete 
|  61|0x0000000707a00000, 0x0000000707c00000, 0x0000000707c00000|100%| E|CS|TAMS 0x0000000707a00000, 0x0000000707a00000| Complete 
|  62|0x0000000707c00000, 0x0000000707e00000, 0x0000000707e00000|100%| E|CS|TAMS 0x0000000707c00000, 0x0000000707c00000| Complete 
|  63|0x0000000707e00000, 0x0000000708000000, 0x0000000708000000|100%| E|CS|TAMS 0x0000000707e00000, 0x0000000707e00000| Complete 
|  64|0x0000000708000000, 0x0000000708200000, 0x0000000708200000|100%| E|CS|TAMS 0x0000000708000000, 0x0000000708000000| Complete 
|  65|0x0000000708200000, 0x0000000708400000, 0x0000000708400000|100%| E|CS|TAMS 0x0000000708200000, 0x0000000708200000| Complete 
|  66|0x0000000708400000, 0x0000000708600000, 0x0000000708600000|100%| E|CS|TAMS 0x0000000708400000, 0x0000000708400000| Complete 
|  67|0x0000000708600000, 0x0000000708800000, 0x0000000708800000|100%| E|CS|TAMS 0x0000000708600000, 0x0000000708600000| Complete 
|  68|0x0000000708800000, 0x0000000708a00000, 0x0000000708a00000|100%| E|CS|TAMS 0x0000000708800000, 0x0000000708800000| Complete 
|  69|0x0000000708a00000, 0x0000000708c00000, 0x0000000708c00000|100%| E|CS|TAMS 0x0000000708a00000, 0x0000000708a00000| Complete 
|  70|0x0000000708c00000, 0x0000000708e00000, 0x0000000708e00000|100%| E|CS|TAMS 0x0000000708c00000, 0x0000000708c00000| Complete 
|  71|0x0000000708e00000, 0x0000000709000000, 0x0000000709000000|100%| E|CS|TAMS 0x0000000708e00000, 0x0000000708e00000| Complete 
|  72|0x0000000709000000, 0x0000000709200000, 0x0000000709200000|100%| E|CS|TAMS 0x0000000709000000, 0x0000000709000000| Complete 
|  73|0x0000000709200000, 0x0000000709400000, 0x0000000709400000|100%| E|CS|TAMS 0x0000000709200000, 0x0000000709200000| Complete 
|  74|0x0000000709400000, 0x0000000709600000, 0x0000000709600000|100%| E|CS|TAMS 0x0000000709400000, 0x0000000709400000| Complete 
|  75|0x0000000709600000, 0x0000000709800000, 0x0000000709800000|100%| E|CS|TAMS 0x0000000709600000, 0x0000000709600000| Complete 
|  76|0x0000000709800000, 0x0000000709a00000, 0x0000000709a00000|100%| E|CS|TAMS 0x0000000709800000, 0x0000000709800000| Complete 
|  77|0x0000000709a00000, 0x0000000709c00000, 0x0000000709c00000|100%| E|CS|TAMS 0x0000000709a00000, 0x0000000709a00000| Complete 
|  78|0x0000000709c00000, 0x0000000709e00000, 0x0000000709e00000|100%| E|CS|TAMS 0x0000000709c00000, 0x0000000709c00000| Complete 
|2046|0x00000007ffc00000, 0x00000007ffe00000, 0x00000007ffe00000|100%| O|  |TAMS 0x00000007ffe00000, 0x00000007ffc00000| Untracked 
|2047|0x00000007ffe00000, 0x0000000800000000, 0x0000000800000000|100%| O|  |TAMS 0x0000000800000000, 0x00000007ffe00000| Untracked 

Card table byte_map: [0x0000029745d50000,0x0000029746550000] _byte_map_base: 0x0000029742550000

Marking Bits (Prev, Next): (CMBitMap*) 0x0000029732bb1a10, (CMBitMap*) 0x0000029732bb1a50
 Prev Bits: [0x0000029746d50000, 0x000002974ad50000)
 Next Bits: [0x000002974ad50000, 0x000002974ed50000)

Polling page: 0x00000297308c0000

Metaspace:

Usage:
  Non-class:    107.51 MB used.
      Class:     16.30 MB used.
       Both:    123.81 MB used.

Virtual space:
  Non-class space:      112.00 MB reserved,     107.94 MB ( 96%) committed,  14 nodes.
      Class space:        1.00 GB reserved,      16.62 MB (  2%) committed,  1 nodes.
             Both:        1.11 GB reserved,     124.56 MB ( 11%) committed. 

Chunk freelists:
   Non-Class:  45.00 KB
       Class:  3.34 MB
        Both:  3.39 MB

MaxMetaspaceSize: unlimited
CompressedClassSpaceSize: 1.00 GB
Initial GC threshold: 21.00 MB
Current GC threshold: 203.88 MB
CDS: off
MetaspaceReclaimPolicy: balanced
 - commit_granule_bytes: 65536.
 - commit_granule_words: 8192.
 - virtual_space_node_default_size: 1048576.
 - enlarge_chunks_in_place: 1.
 - new_chunks_are_fully_committed: 0.
 - uncommit_free_chunks: 1.
 - use_allocation_guard: 0.
 - handle_deallocations: 1.


Internal statistics:

num_allocs_failed_limit: 9.
num_arena_births: 886.
num_arena_deaths: 0.
num_vsnodes_births: 15.
num_vsnodes_deaths: 0.
num_space_committed: 1991.
num_space_uncommitted: 0.
num_chunks_returned_to_freelist: 9.
num_chunks_taken_from_freelist: 5232.
num_chunk_merges: 9.
num_chunk_splits: 3995.
num_chunks_enlarged: 3205.
num_purges: 0.
num_inconsistent_stats: 0.

CodeHeap 'non-profiled nmethods': size=120000Kb used=5419Kb max_used=5419Kb free=114580Kb
 bounds [0x000002973dad0000, 0x000002973e020000, 0x0000029745000000]
CodeHeap 'profiled nmethods': size=120000Kb used=20076Kb max_used=20076Kb free=99923Kb
 bounds [0x0000029736000000, 0x00000297373a0000, 0x000002973d530000]
CodeHeap 'non-nmethods': size=5760Kb used=2523Kb max_used=2570Kb free=3236Kb
 bounds [0x000002973d530000, 0x000002973d7c0000, 0x000002973dad0000]
 total_blobs=11372 nmethods=10293 adapters=988
 compilation: enabled
              stopped_count=0, restarted_count=0
 full_count=0

Compilation events (20 events):
Event: 55.560 Thread 0x0000029752467270 11741       3       com.google.common.collect.ImmutableCollection::toArray (8 bytes)
Event: 55.561 Thread 0x0000029752467270 nmethod 11741 0x0000029737393890 code [0x0000029737393a40, 0x0000029737393b88]
Event: 55.563 Thread 0x0000029752467270 11742       3       org.gradle.api.internal.provider.DefaultProperty::<init> (26 bytes)
Event: 55.564 Thread 0x0000029752467270 nmethod 11742 0x0000029737393c10 code [0x0000029737393e60, 0x0000029737394a88]
Event: 55.564 Thread 0x0000029752467270 11743       3       org.gradle.api.internal.provider.Providers::notDefined (10 bytes)
Event: 55.564 Thread 0x0000029752467270 nmethod 11743 0x0000029737394e10 code [0x0000029737394fa0, 0x00000297373950f8]
Event: 55.564 Thread 0x0000029752467270 11744       3       org.gradle.api.internal.provider.AbstractProperty::init (7 bytes)
Event: 55.564 Thread 0x0000029752467270 nmethod 11744 0x0000029737395190 code [0x0000029737395340, 0x0000029737395668]
Event: 55.668 Thread 0x0000029752467270 11745  s!   3       org.gradle.internal.classloader.TransformReplacer$JarLoader::loadTransformedClass (56 bytes)
Event: 55.683 Thread 0x0000029752467270 nmethod 11745 0x0000029737395790 code [0x0000029737395a60, 0x0000029737396a08]
Event: 55.683 Thread 0x0000029752467270 11746       3       org.gradle.internal.classloader.TransformReplacer$JarLoader::getJarFileLocked (104 bytes)
Event: 55.698 Thread 0x0000029752467270 nmethod 11746 0x0000029737397010 code [0x00000297373973a0, 0x0000029737398cf8]
Event: 55.698 Thread 0x0000029752467270 11747       3       org.gradle.internal.io.StreamByteBuffer::of (22 bytes)
Event: 55.698 Thread 0x0000029752467270 nmethod 11747 0x0000029737399590 code [0x0000029737399780, 0x0000029737399c68]
Event: 55.873 Thread 0x0000029752467270 11748       3       org.gradle.internal.instantiation.generator.AsmBackedClassGenerator$ClassBuilderImpl::access$7900 (4 bytes)
Event: 55.874 Thread 0x0000029752467270 nmethod 11748 0x0000029736a07f90 code [0x0000029736a08120, 0x0000029736a08218]
Event: 55.874 Thread 0x0000029752467270 11749       3       org.gradle.model.internal.asm.MethodVisitorScope::_INVOKEDYNAMIC (15 bytes)
Event: 55.874 Thread 0x0000029752467270 nmethod 11749 0x0000029737399e90 code [0x000002973739a040, 0x000002973739a278]
Event: 56.108 Thread 0x0000029752467270 11750       3       com.google.common.collect.MapMakerInternalMap$Segment::getEntry (80 bytes)
Event: 56.110 Thread 0x0000029752467270 nmethod 11750 0x000002973739a390 code [0x000002973739a640, 0x000002973739b708]

GC Heap History (20 events):
Event: 17.073 GC heap before
{Heap before GC invocations=31 (full 0):
 garbage-first heap   total 112640K, used 84342K [0x0000000700000000, 0x0000000800000000)
  region size 2048K, 13 young (26624K), 2 survivors (4096K)
 Metaspace       used 89962K, committed 90560K, reserved 1130496K
  class space    used 12268K, committed 12544K, reserved 1048576K
}
Event: 17.078 GC heap after
{Heap after GC invocations=32 (full 0):
 garbage-first heap   total 112640K, used 63252K [0x0000000700000000, 0x0000000800000000)
  region size 2048K, 2 young (4096K), 2 survivors (4096K)
 Metaspace       used 89962K, committed 90560K, reserved 1130496K
  class space    used 12268K, committed 12544K, reserved 1048576K
}
Event: 17.441 GC heap before
{Heap before GC invocations=32 (full 0):
 garbage-first heap   total 112640K, used 89876K [0x0000000700000000, 0x0000000800000000)
  region size 2048K, 15 young (30720K), 2 survivors (4096K)
 Metaspace       used 91937K, committed 92416K, reserved 1130496K
  class space    used 12488K, committed 12736K, reserved 1048576K
}
Event: 17.446 GC heap after
{Heap after GC invocations=33 (full 0):
 garbage-first heap   total 112640K, used 67222K [0x0000000700000000, 0x0000000800000000)
  region size 2048K, 2 young (4096K), 2 survivors (4096K)
 Metaspace       used 91937K, committed 92416K, reserved 1130496K
  class space    used 12488K, committed 12736K, reserved 1048576K
}
Event: 17.830 GC heap before
{Heap before GC invocations=34 (full 0):
 garbage-first heap   total 120832K, used 91798K [0x0000000700000000, 0x0000000800000000)
  region size 2048K, 14 young (28672K), 2 survivors (4096K)
 Metaspace       used 92923K, committed 93504K, reserved 1130496K
  class space    used 12613K, committed 12864K, reserved 1048576K
}
Event: 17.839 GC heap after
{Heap after GC invocations=35 (full 0):
 garbage-first heap   total 120832K, used 67678K [0x0000000700000000, 0x0000000800000000)
  region size 2048K, 1 young (2048K), 1 survivors (2048K)
 Metaspace       used 92923K, committed 93504K, reserved 1130496K
  class space    used 12613K, committed 12864K, reserved 1048576K
}
Event: 18.293 GC heap before
{Heap before GC invocations=35 (full 0):
 garbage-first heap   total 120832K, used 96350K [0x0000000700000000, 0x0000000800000000)
  region size 2048K, 15 young (30720K), 1 survivors (2048K)
 Metaspace       used 94304K, committed 94848K, reserved 1138688K
  class space    used 12750K, committed 12992K, reserved 1048576K
}
Event: 18.296 GC heap after
{Heap after GC invocations=36 (full 0):
 garbage-first heap   total 120832K, used 70393K [0x0000000700000000, 0x0000000800000000)
  region size 2048K, 2 young (4096K), 2 survivors (4096K)
 Metaspace       used 94304K, committed 94848K, reserved 1138688K
  class space    used 12750K, committed 12992K, reserved 1048576K
}
Event: 18.761 GC heap before
{Heap before GC invocations=37 (full 0):
 garbage-first heap   total 137216K, used 97017K [0x0000000700000000, 0x0000000800000000)
  region size 2048K, 15 young (30720K), 2 survivors (4096K)
 Metaspace       used 96452K, committed 96960K, reserved 1138688K
  class space    used 13010K, committed 13248K, reserved 1048576K
}
Event: 18.772 GC heap after
{Heap after GC invocations=38 (full 0):
 garbage-first heap   total 165888K, used 72002K [0x0000000700000000, 0x0000000800000000)
  region size 2048K, 1 young (2048K), 1 survivors (2048K)
 Metaspace       used 96452K, committed 96960K, reserved 1138688K
  class space    used 13010K, committed 13248K, reserved 1048576K
}
Event: 20.161 GC heap before
{Heap before GC invocations=38 (full 0):
 garbage-first heap   total 165888K, used 129346K [0x0000000700000000, 0x0000000800000000)
  region size 2048K, 29 young (59392K), 1 survivors (2048K)
 Metaspace       used 102376K, committed 102976K, reserved 1138688K
  class space    used 13610K, committed 13888K, reserved 1048576K
}
Event: 20.166 GC heap after
{Heap after GC invocations=39 (full 0):
 garbage-first heap   total 165888K, used 75860K [0x0000000700000000, 0x0000000800000000)
  region size 2048K, 3 young (6144K), 3 survivors (6144K)
 Metaspace       used 102376K, committed 102976K, reserved 1138688K
  class space    used 13610K, committed 13888K, reserved 1048576K
}
Event: 21.585 GC heap before
{Heap before GC invocations=39 (full 0):
 garbage-first heap   total 165888K, used 129108K [0x0000000700000000, 0x0000000800000000)
  region size 2048K, 29 young (59392K), 3 survivors (6144K)
 Metaspace       used 109462K, committed 110016K, reserved 1146880K
  class space    used 14409K, committed 14656K, reserved 1048576K
}
Event: 21.590 GC heap after
{Heap after GC invocations=40 (full 0):
 garbage-first heap   total 165888K, used 77138K [0x0000000700000000, 0x0000000800000000)
  region size 2048K, 3 young (6144K), 3 survivors (6144K)
 Metaspace       used 109462K, committed 110016K, reserved 1146880K
  class space    used 14409K, committed 14656K, reserved 1048576K
}
Event: 22.782 GC heap before
{Heap before GC invocations=40 (full 0):
 garbage-first heap   total 165888K, used 130386K [0x0000000700000000, 0x0000000800000000)
  region size 2048K, 29 young (59392K), 3 survivors (6144K)
 Metaspace       used 116585K, committed 117120K, reserved 1155072K
  class space    used 15165K, committed 15424K, reserved 1048576K
}
Event: 22.788 GC heap after
{Heap after GC invocations=41 (full 0):
 garbage-first heap   total 165888K, used 71944K [0x0000000700000000, 0x0000000800000000)
  region size 2048K, 2 young (4096K), 2 survivors (4096K)
 Metaspace       used 116585K, committed 117120K, reserved 1155072K
  class space    used 15165K, committed 15424K, reserved 1048576K
}
Event: 25.131 GC heap before
{Heap before GC invocations=41 (full 0):
 garbage-first heap   total 165888K, used 133384K [0x0000000700000000, 0x0000000800000000)
  region size 2048K, 32 young (65536K), 2 survivors (4096K)
 Metaspace       used 122160K, committed 122752K, reserved 1163264K
  class space    used 16127K, committed 16384K, reserved 1048576K
}
Event: 25.135 GC heap after
{Heap after GC invocations=42 (full 0):
 garbage-first heap   total 165888K, used 74769K [0x0000000700000000, 0x0000000800000000)
  region size 2048K, 3 young (6144K), 3 survivors (6144K)
 Metaspace       used 122160K, committed 122752K, reserved 1163264K
  class space    used 16127K, committed 16384K, reserved 1048576K
}
Event: 43.718 GC heap before
{Heap before GC invocations=42 (full 0):
 garbage-first heap   total 165888K, used 130065K [0x0000000700000000, 0x0000000800000000)
  region size 2048K, 30 young (61440K), 3 survivors (6144K)
 Metaspace       used 124507K, committed 125184K, reserved 1163264K
  class space    used 16396K, committed 16704K, reserved 1048576K
}
Event: 43.872 GC heap after
{Heap after GC invocations=43 (full 0):
 garbage-first heap   total 165888K, used 88669K [0x0000000700000000, 0x0000000800000000)
  region size 2048K, 4 young (8192K), 4 survivors (8192K)
 Metaspace       used 124507K, committed 125184K, reserved 1163264K
  class space    used 16396K, committed 16704K, reserved 1048576K
}

Dll operation events (3 events):
Event: 0.027 Loaded shared library C:\Program Files\Android\Android Studio\jbr\bin\java.dll
Event: 0.174 Loaded shared library C:\Program Files\Android\Android Studio\jbr\bin\zip.dll
Event: 0.525 Loaded shared library C:\Program Files\Android\Android Studio\jbr\bin\verify.dll

Deoptimization events (20 events):
Event: 48.213 Thread 0x0000029752e32070 DEOPT PACKING pc=0x000002973dfc41d8 sp=0x000000a0e08f8300
Event: 48.213 Thread 0x0000029752e32070 DEOPT UNPACKING pc=0x000002973d5869a3 sp=0x000000a0e08f81b8 mode 2
Event: 48.222 Thread 0x0000029752e32070 Uncommon trap: trap_request=0xffffffc6 fr.pc=0x000002973dfc41d8 relative=0x00000000000027d8
Event: 48.222 Thread 0x0000029752e32070 Uncommon trap: reason=bimorphic_or_optimized_type_check action=maybe_recompile pc=0x000002973dfc41d8 method=java.util.TreeMap.compare(Ljava/lang/Object;Ljava/lang/Object;)I @ 12 c2
Event: 48.222 Thread 0x0000029752e32070 DEOPT PACKING pc=0x000002973dfc41d8 sp=0x000000a0e08f8300
Event: 48.222 Thread 0x0000029752e32070 DEOPT UNPACKING pc=0x000002973d5869a3 sp=0x000000a0e08f81b8 mode 2
Event: 49.108 Thread 0x0000029752e32070 DEOPT PACKING pc=0x000002973664a465 sp=0x000000a0e08f2ca0
Event: 49.109 Thread 0x0000029752e32070 DEOPT UNPACKING pc=0x000002973d587143 sp=0x000000a0e08f2190 mode 0
Event: 49.121 Thread 0x0000029752e32070 Uncommon trap: trap_request=0xffffffde fr.pc=0x000002973ddc00cc relative=0x000000000000282c
Event: 49.121 Thread 0x0000029752e32070 Uncommon trap: reason=class_check action=maybe_recompile pc=0x000002973ddc00cc method=java.util.jar.JarFile.getManifestFromReference()Ljava/util/jar/Manifest; @ 152 c2
Event: 49.121 Thread 0x0000029752e32070 DEOPT PACKING pc=0x000002973ddc00cc sp=0x000000a0e08f1480
Event: 49.122 Thread 0x0000029752e32070 DEOPT UNPACKING pc=0x000002973d5869a3 sp=0x000000a0e08f13f0 mode 2
Event: 51.678 Thread 0x0000029752e32070 Uncommon trap: trap_request=0xffffffde fr.pc=0x000002973ddc00cc relative=0x000000000000282c
Event: 51.678 Thread 0x0000029752e32070 Uncommon trap: reason=class_check action=maybe_recompile pc=0x000002973ddc00cc method=java.util.jar.JarFile.getManifestFromReference()Ljava/util/jar/Manifest; @ 152 c2
Event: 51.678 Thread 0x0000029752e32070 DEOPT PACKING pc=0x000002973ddc00cc sp=0x000000a0e08f15d0
Event: 51.678 Thread 0x0000029752e32070 DEOPT UNPACKING pc=0x000002973d5869a3 sp=0x000000a0e08f1540 mode 2
Event: 54.658 Thread 0x0000029752e32070 Uncommon trap: trap_request=0xffffffde fr.pc=0x000002973ddc00cc relative=0x000000000000282c
Event: 54.658 Thread 0x0000029752e32070 Uncommon trap: reason=class_check action=maybe_recompile pc=0x000002973ddc00cc method=java.util.jar.JarFile.getManifestFromReference()Ljava/util/jar/Manifest; @ 152 c2
Event: 54.659 Thread 0x0000029752e32070 DEOPT PACKING pc=0x000002973ddc00cc sp=0x000000a0e08f06f0
Event: 54.659 Thread 0x0000029752e32070 DEOPT UNPACKING pc=0x000002973d5869a3 sp=0x000000a0e08f0660 mode 2

Classes unloaded (0 events):
No events

Classes redefined (0 events):
No events

Internal exceptions (20 events):
Event: 45.815 Thread 0x0000029752e32070 Exception <a 'java/lang/ClassNotFoundException'{0x000000070961fe80}: java/util/AbstractMapCustomizer> (0x000000070961fe80) 
thrown [s\src\hotspot\share\classfile\systemDictionary.cpp, line 256]
Event: 45.820 Thread 0x0000029752e32070 Exception <a 'java/lang/ClassNotFoundException'{0x0000000709644b30}: org/apache/groovy/json/internal/LazyMapCustomizer> (0x0000000709644b30) 
thrown [s\src\hotspot\share\classfile\systemDictionary.cpp, line 256]
Event: 45.859 Thread 0x0000029752e32070 Exception <a 'java/lang/ClassNotFoundException'{0x00000007097f89e8}: java/util/ArrayListBeanInfo> (0x00000007097f89e8) 
thrown [s\src\hotspot\share\classfile\systemDictionary.cpp, line 256]
Event: 45.860 Thread 0x0000029752e32070 Exception <a 'java/lang/ClassNotFoundException'{0x00000007097ff4a8}: java/util/AbstractListBeanInfo> (0x00000007097ff4a8) 
thrown [s\src\hotspot\share\classfile\systemDictionary.cpp, line 256]
Event: 45.861 Thread 0x0000029752e32070 Exception <a 'java/lang/ClassNotFoundException'{0x00000007094064e0}: java/util/AbstractListCustomizer> (0x00000007094064e0) 
thrown [s\src\hotspot\share\classfile\systemDictionary.cpp, line 256]
Event: 45.862 Thread 0x0000029752e32070 Exception <a 'java/lang/ClassNotFoundException'{0x0000000709417f00}: java/util/ArrayListCustomizer> (0x0000000709417f00) 
thrown [s\src\hotspot\share\classfile\systemDictionary.cpp, line 256]
Event: 46.121 Thread 0x0000029752e32070 Exception <a 'java/lang/ClassNotFoundException'{0x00000007095847f0}: java/lang/StringBeanInfo> (0x00000007095847f0) 
thrown [s\src\hotspot\share\classfile\systemDictionary.cpp, line 256]
Event: 46.123 Thread 0x0000029752e32070 Exception <a 'java/lang/ClassNotFoundException'{0x000000070958bfa0}: java/lang/StringCustomizer> (0x000000070958bfa0) 
thrown [s\src\hotspot\share\classfile\systemDictionary.cpp, line 256]
Event: 46.749 Thread 0x0000029752e32070 Exception <a 'java/lang/ClassNotFoundException'{0x0000000709242240}: settings_2yyf1djxfm3uwz1tz1zwxugsmBeanInfo> (0x0000000709242240) 
thrown [s\src\hotspot\share\classfile\systemDictionary.cpp, line 256]
Event: 46.750 Thread 0x0000029752e32070 Exception <a 'java/lang/ClassNotFoundException'{0x0000000709248b58}: settings_2yyf1djxfm3uwz1tz1zwxugsmCustomizer> (0x0000000709248b58) 
thrown [s\src\hotspot\share\classfile\systemDictionary.cpp, line 256]
Event: 47.907 Thread 0x0000029752e32070 Exception <a 'java/lang/ClassNotFoundException'{0x0000000709084860}: build_4zm08l7jd6vevnbni7n12jxf3BeanInfo> (0x0000000709084860) 
thrown [s\src\hotspot\share\classfile\systemDictionary.cpp, line 256]
Event: 47.907 Thread 0x0000029752e32070 Exception <a 'java/lang/ClassNotFoundException'{0x000000070908f020}: org/gradle/api/internal/project/ProjectScriptBeanInfo> (0x000000070908f020) 
thrown [s\src\hotspot\share\classfile\systemDictionary.cpp, line 256]
Event: 47.908 Thread 0x0000029752e32070 Exception <a 'java/lang/ClassNotFoundException'{0x0000000709099850}: org/gradle/api/internal/project/ProjectScriptCustomizer> (0x0000000709099850) 
thrown [s\src\hotspot\share\classfile\systemDictionary.cpp, line 256]
Event: 47.910 Thread 0x0000029752e32070 Exception <a 'java/lang/ClassNotFoundException'{0x00000007090b0f30}: build_4zm08l7jd6vevnbni7n12jxf3Customizer> (0x00000007090b0f30) 
thrown [s\src\hotspot\share\classfile\systemDictionary.cpp, line 256]
Event: 48.126 Thread 0x0000029752e32070 Exception <a 'java/lang/ClassNotFoundException'{0x00000007091ae980}: org/gradle/api/internal/project/DefaultProject_DecoratedBeanInfo> (0x00000007091ae980) 
thrown [s\src\hotspot\share\classfile\systemDictionary.cpp, line 256]
Event: 48.127 Thread 0x0000029752e32070 Exception <a 'java/lang/ClassNotFoundException'{0x00000007091c0cc8}: org/gradle/api/internal/project/DefaultProjectBeanInfo> (0x00000007091c0cc8) 
thrown [s\src\hotspot\share\classfile\systemDictionary.cpp, line 256]
Event: 48.127 Thread 0x0000029752e32070 Exception <a 'java/lang/ClassNotFoundException'{0x00000007091d30c0}: org/gradle/api/internal/project/DefaultProjectCustomizer> (0x00000007091d30c0) 
thrown [s\src\hotspot\share\classfile\systemDictionary.cpp, line 256]
Event: 48.142 Thread 0x0000029752e32070 Exception <a 'java/lang/ClassNotFoundException'{0x0000000708e82ab8}: org/gradle/api/internal/project/DefaultProject_DecoratedCustomizer> (0x0000000708e82ab8) 
thrown [s\src\hotspot\share\classfile\systemDictionary.cpp, line 256]
Event: 48.264 Thread 0x0000029752e32070 Exception <a 'java/lang/ClassNotFoundException'{0x0000000708c49b70}: build_87ti1gixrw52fkpkt79tka60pBeanInfo> (0x0000000708c49b70) 
thrown [s\src\hotspot\share\classfile\systemDictionary.cpp, line 256]
Event: 48.265 Thread 0x0000029752e32070 Exception <a 'java/lang/ClassNotFoundException'{0x0000000708c556e8}: build_87ti1gixrw52fkpkt79tka60pCustomizer> (0x0000000708c556e8) 
thrown [s\src\hotspot\share\classfile\systemDictionary.cpp, line 256]

VM Operations (20 events):
Event: 45.761 Executing VM operation: HandshakeAllThreads
Event: 45.762 Executing VM operation: HandshakeAllThreads done
Event: 45.870 Executing VM operation: HandshakeAllThreads
Event: 45.872 Executing VM operation: HandshakeAllThreads done
Event: 46.886 Executing VM operation: Cleanup
Event: 46.911 Executing VM operation: Cleanup done
Event: 47.912 Executing VM operation: Cleanup
Event: 47.913 Executing VM operation: Cleanup done
Event: 48.921 Executing VM operation: Cleanup
Event: 48.922 Executing VM operation: Cleanup done
Event: 49.936 Executing VM operation: Cleanup
Event: 49.937 Executing VM operation: Cleanup done
Event: 50.949 Executing VM operation: Cleanup
Event: 51.073 Executing VM operation: Cleanup done
Event: 52.085 Executing VM operation: Cleanup
Event: 52.085 Executing VM operation: Cleanup done
Event: 53.093 Executing VM operation: Cleanup
Event: 53.125 Executing VM operation: Cleanup done
Event: 55.153 Executing VM operation: Cleanup
Event: 55.153 Executing VM operation: Cleanup done

Events (20 events):
Event: 45.895 Thread 0x0000029752468400 flushing nmethod 0x0000029736926d90
Event: 45.895 Thread 0x0000029752468400 flushing nmethod 0x000002973694e190
Event: 45.896 Thread 0x0000029752468400 flushing nmethod 0x0000029736995390
Event: 45.896 Thread 0x0000029752468400 flushing nmethod 0x00000297369b1290
Event: 45.901 Thread 0x0000029752468400 flushing nmethod 0x0000029736e47e90
Event: 45.903 Thread 0x0000029752468400 flushing nmethod 0x0000029737025810
Event: 46.116 loading class java/lang/StringBeanInfo
Event: 46.118 loading class java/lang/StringBeanInfo done
Event: 46.121 loading class java/lang/StringBeanInfo
Event: 46.121 loading class java/lang/StringBeanInfo done
Event: 46.121 loading class java/lang/StringCustomizer
Event: 46.122 loading class java/lang/StringCustomizer done
Event: 46.123 loading class java/lang/StringCustomizer
Event: 46.123 loading class java/lang/StringCustomizer done
Event: 48.147 loading class org/xml/sax/Locator
Event: 48.152 loading class org/xml/sax/Locator done
Event: 48.159 loading class org/xml/sax/SAXParseException
Event: 48.164 loading class org/xml/sax/SAXParseException done
Event: 48.165 loading class org/xml/sax/Attributes
Event: 48.167 loading class org/xml/sax/Attributes done


Dynamic libraries:
0x00007ff6b6820000 - 0x00007ff6b682a000 	C:\Program Files\Android\Android Studio\jbr\bin\java.exe
0x00007ffd9d7f0000 - 0x00007ffd9da07000 	C:\WINDOWS\SYSTEM32\ntdll.dll
0x00007ffd9c740000 - 0x00007ffd9c804000 	C:\WINDOWS\System32\KERNEL32.DLL
0x00007ffd9b0b0000 - 0x00007ffd9b457000 	C:\WINDOWS\System32\KERNELBASE.dll
0x00007ffd9ad60000 - 0x00007ffd9ae71000 	C:\WINDOWS\System32\ucrtbase.dll
0x00007ffd80c10000 - 0x00007ffd80c27000 	C:\Program Files\Android\Android Studio\jbr\bin\jli.dll
0x00007ffd82770000 - 0x00007ffd8278b000 	C:\Program Files\Android\Android Studio\jbr\bin\VCRUNTIME140.dll
0x00007ffd9d550000 - 0x00007ffd9d6fe000 	C:\WINDOWS\System32\USER32.dll
0x00007ffd87720000 - 0x00007ffd879b3000 	C:\WINDOWS\WinSxS\amd64_microsoft.windows.common-controls_6595b64144ccf1df_6.0.22621.3527_none_270e469b73872a76\COMCTL32.dll
0x00007ffd9ad00000 - 0x00007ffd9ad26000 	C:\WINDOWS\System32\win32u.dll
0x00007ffd9b520000 - 0x00007ffd9b549000 	C:\WINDOWS\System32\GDI32.dll
0x00007ffd9c810000 - 0x00007ffd9c8b7000 	C:\WINDOWS\System32\msvcrt.dll
0x00007ffd9ae80000 - 0x00007ffd9af99000 	C:\WINDOWS\System32\gdi32full.dll
0x00007ffd9afa0000 - 0x00007ffd9b03a000 	C:\WINDOWS\System32\msvcp_win.dll
0x00007ffd9c700000 - 0x00007ffd9c731000 	C:\WINDOWS\System32\IMM32.DLL
0x00007ffd93f20000 - 0x00007ffd93f2c000 	C:\Program Files\Android\Android Studio\jbr\bin\vcruntime140_1.dll
0x00007ffd4dd10000 - 0x00007ffd4dd9d000 	C:\Program Files\Android\Android Studio\jbr\bin\msvcp140.dll
0x00007ffcfaf90000 - 0x00007ffcfbbfe000 	C:\Program Files\Android\Android Studio\jbr\bin\server\jvm.dll
0x00007ffd9d3a0000 - 0x00007ffd9d452000 	C:\WINDOWS\System32\ADVAPI32.dll
0x00007ffd9d700000 - 0x00007ffd9d7a8000 	C:\WINDOWS\System32\sechost.dll
0x00007ffd9ad30000 - 0x00007ffd9ad58000 	C:\WINDOWS\System32\bcrypt.dll
0x00007ffd9d0c0000 - 0x00007ffd9d1d5000 	C:\WINDOWS\System32\RPCRT4.dll
0x00007ffd7bb50000 - 0x00007ffd7bb59000 	C:\WINDOWS\SYSTEM32\WSOCK32.dll
0x00007ffd93d90000 - 0x00007ffd93dc4000 	C:\WINDOWS\SYSTEM32\WINMM.dll
0x00007ffd93070000 - 0x00007ffd9307a000 	C:\WINDOWS\SYSTEM32\VERSION.dll
0x00007ffd9c610000 - 0x00007ffd9c681000 	C:\WINDOWS\System32\WS2_32.dll
0x00007ffd99ba0000 - 0x00007ffd99bb8000 	C:\WINDOWS\SYSTEM32\kernel.appcore.dll
0x00007ffd832d0000 - 0x00007ffd832da000 	C:\Program Files\Android\Android Studio\jbr\bin\jimage.dll
0x00007ffd90700000 - 0x00007ffd90932000 	C:\WINDOWS\SYSTEM32\DBGHELP.DLL
0x00007ffd9bf20000 - 0x00007ffd9c2a8000 	C:\WINDOWS\System32\combase.dll
0x00007ffd9be40000 - 0x00007ffd9bf17000 	C:\WINDOWS\System32\OLEAUT32.dll
0x00007ffd7abc0000 - 0x00007ffd7abf2000 	C:\WINDOWS\SYSTEM32\dbgcore.DLL
0x00007ffd9ab10000 - 0x00007ffd9ab89000 	C:\WINDOWS\System32\bcryptPrimitives.dll
0x00007ffd6d550000 - 0x00007ffd6d55e000 	C:\Program Files\Android\Android Studio\jbr\bin\instrument.dll
0x00007ffd6bf60000 - 0x00007ffd6bf85000 	C:\Program Files\Android\Android Studio\jbr\bin\java.dll
0x00007ffd7ee30000 - 0x00007ffd7ee48000 	C:\Program Files\Android\Android Studio\jbr\bin\zip.dll
0x00007ffd9b5e0000 - 0x00007ffd9be3c000 	C:\WINDOWS\System32\SHELL32.dll
0x00007ffd98a50000 - 0x00007ffd99346000 	C:\WINDOWS\SYSTEM32\windows.storage.dll
0x00007ffd98910000 - 0x00007ffd98a4e000 	C:\WINDOWS\SYSTEM32\wintypes.dll
0x00007ffd9c2d0000 - 0x00007ffd9c3c5000 	C:\WINDOWS\System32\SHCORE.dll
0x00007ffd9c6a0000 - 0x00007ffd9c6fe000 	C:\WINDOWS\System32\shlwapi.dll
0x00007ffd9aa40000 - 0x00007ffd9aa61000 	C:\WINDOWS\SYSTEM32\profapi.dll
0x00007ffd743c0000 - 0x00007ffd743d9000 	C:\Program Files\Android\Android Studio\jbr\bin\net.dll
0x00007ffd94770000 - 0x00007ffd948a6000 	C:\WINDOWS\SYSTEM32\WINHTTP.dll
0x00007ffd9a010000 - 0x00007ffd9a079000 	C:\WINDOWS\system32\mswsock.dll
0x00007ffd69680000 - 0x00007ffd69696000 	C:\Program Files\Android\Android Studio\jbr\bin\nio.dll
0x00007ffd82fc0000 - 0x00007ffd82fd0000 	C:\Program Files\Android\Android Studio\jbr\bin\verify.dll
0x00007ffd59320000 - 0x00007ffd59347000 	C:\Users\shrey\.gradle\native\c067742578af261105cb4f569cf0c3c89f3d7b1fecec35dd04571415982c5e48\windows-amd64\native-platform.dll
0x00007ffd11b80000 - 0x00007ffd11cc4000 	C:\Users\shrey\.gradle\native\38dada09dfb8b06ba9b0570ebf7e218e3eb74d4ef43ca46872605cf95ebc2f47\windows-amd64\native-platform-file-events.dll
0x00007ffd827c0000 - 0x00007ffd827c9000 	C:\Program Files\Android\Android Studio\jbr\bin\management.dll
0x00007ffd70870000 - 0x00007ffd7087b000 	C:\Program Files\Android\Android Studio\jbr\bin\management_ext.dll
0x00007ffd9c690000 - 0x00007ffd9c698000 	C:\WINDOWS\System32\PSAPI.DLL
0x00007ffd9a280000 - 0x00007ffd9a29b000 	C:\WINDOWS\SYSTEM32\CRYPTSP.dll
0x00007ffd99b00000 - 0x00007ffd99b35000 	C:\WINDOWS\system32\rsaenh.dll
0x00007ffd9a110000 - 0x00007ffd9a138000 	C:\WINDOWS\SYSTEM32\USERENV.dll
0x00007ffd9a270000 - 0x00007ffd9a27c000 	C:\WINDOWS\SYSTEM32\CRYPTBASE.dll
0x00007ffd99620000 - 0x00007ffd9964d000 	C:\WINDOWS\SYSTEM32\IPHLPAPI.DLL
0x00007ffd9d290000 - 0x00007ffd9d299000 	C:\WINDOWS\System32\NSI.dll
0x00007ffd948e0000 - 0x00007ffd948f9000 	C:\WINDOWS\SYSTEM32\dhcpcsvc6.DLL
0x00007ffd946b0000 - 0x00007ffd946cf000 	C:\WINDOWS\SYSTEM32\dhcpcsvc.DLL
0x00007ffd99690000 - 0x00007ffd99788000 	C:\WINDOWS\SYSTEM32\DNSAPI.dll
0x00007ffd7e040000 - 0x00007ffd7e048000 	C:\WINDOWS\system32\wshunix.dll
0x00007ffd99bc0000 - 0x00007ffd99bf4000 	C:\WINDOWS\SYSTEM32\ntmarta.dll

dbghelp: loaded successfully - version: 4.0.5 - missing functions: none
symbol engine: initialized successfully - sym options: 0x614 - pdb path: .;C:\Program Files\Android\Android Studio\jbr\bin;C:\WINDOWS\SYSTEM32;C:\WINDOWS\WinSxS\amd64_microsoft.windows.common-controls_6595b64144ccf1df_6.0.22621.3527_none_270e469b73872a76;C:\Program Files\Android\Android Studio\jbr\bin\server;C:\Users\shrey\.gradle\native\c067742578af261105cb4f569cf0c3c89f3d7b1fecec35dd04571415982c5e48\windows-amd64;C:\Users\shrey\.gradle\native\38dada09dfb8b06ba9b0570ebf7e218e3eb74d4ef43ca46872605cf95ebc2f47\windows-amd64

VM Arguments:
jvm_args: -XX:+HeapDumpOnOutOfMemoryError --add-opens=java.base/java.util=ALL-UNNAMED --add-opens=java.base/java.lang=ALL-UNNAMED --add-opens=java.base/java.lang.invoke=ALL-UNNAMED --add-opens=java.prefs/java.util.prefs=ALL-UNNAMED --add-opens=java.base/java.nio.charset=ALL-UNNAMED --add-opens=java.base/java.net=ALL-UNNAMED --add-opens=java.base/java.util.concurrent.atomic=ALL-UNNAMED -Xmx4G -Dfile.encoding=windows-1252 -Duser.country=IN -Duser.language=en -Duser.variant -javaagent:C:\Users\shrey\.gradle\wrapper\dists\gradle-8.5-all\3zlzzgtsutfj0pbojr50n2l7z\gradle-8.5\lib\agents\gradle-instrumentation-agent-8.5.jar 
java_command: org.gradle.launcher.daemon.bootstrap.GradleDaemon 8.5
java_class_path (initial): C:\Users\shrey\.gradle\wrapper\dists\gradle-8.5-all\3zlzzgtsutfj0pbojr50n2l7z\gradle-8.5\lib\gradle-launcher-8.5.jar
Launcher Type: SUN_STANDARD

[Global flags]
     intx CICompilerCount                          = 4                                         {product} {ergonomic}
     uint ConcGCThreads                            = 3                                         {product} {ergonomic}
     uint G1ConcRefinementThreads                  = 10                                        {product} {ergonomic}
   size_t G1HeapRegionSize                         = 2097152                                   {product} {ergonomic}
    uintx GCDrainStackTargetSize                   = 64                                        {product} {ergonomic}
     bool HeapDumpOnOutOfMemoryError               = true                                   {manageable} {command line}
   size_t InitialHeapSize                          = 123731968                                 {product} {ergonomic}
   size_t MarkStackSize                            = 4194304                                   {product} {ergonomic}
   size_t MaxHeapSize                              = 4294967296                                {product} {command line}
   size_t MaxNewSize                               = 2575302656                                {product} {ergonomic}
   size_t MinHeapDeltaBytes                        = 2097152                                   {product} {ergonomic}
   size_t MinHeapSize                              = 8388608                                   {product} {ergonomic}
    uintx NonNMethodCodeHeapSize                   = 5839372                                {pd product} {ergonomic}
    uintx NonProfiledCodeHeapSize                  = 122909434                              {pd product} {ergonomic}
    uintx ProfiledCodeHeapSize                     = 122909434                              {pd product} {ergonomic}
    uintx ReservedCodeCacheSize                    = 251658240                              {pd product} {ergonomic}
     bool SegmentedCodeCache                       = true                                      {product} {ergonomic}
   size_t SoftMaxHeapSize                          = 4294967296                             {manageable} {ergonomic}
     bool UseCompressedClassPointers               = true                           {product lp64_product} {ergonomic}
     bool UseCompressedOops                        = true                           {product lp64_product} {ergonomic}
     bool UseG1GC                                  = true                                      {product} {ergonomic}
     bool UseLargePagesIndividualAllocation        = false                                  {pd product} {ergonomic}

Logging:
Log output configuration:
 #0: stdout all=warning uptime,level,tags
 #1: stderr all=off uptime,level,tags

Environment Variables:
JAVA_HOME=C:\Program Files\Android\Android Studio\jbr
CLASSPATH=C:\Nir\nirmaya\android\\gradle\wrapper\gradle-wrapper.jar
PATH=C:\Program Files\Android\Android Studio\jbr\bin;C:\Program Files\Common Files\Oracle\Java\javapath;C:\windows\system32;C:\windows;C:\windows\System32\Wbem;C:\windows\System32\WindowsPowerShell\v1.0\;C:\windows\System32\OpenSSH\;C:\Program Files (x86)\NVIDIA Corporation\PhysX\Common;C:\Program Files\NVIDIA Corporation\NVIDIA NvDLISR;C:\WINDOWS\system32;C:\WINDOWS;C:\WINDOWS\System32\Wbem;C:\WINDOWS\System32\WindowsPowerShell\v1.0\;C:\WINDOWS\System32\OpenSSH\;C:\Program Files\dotnet\;C:\MinGW\bin;C:\Program Files\Git\cmd;C:\Program Files\nodejs\;C:\Program Files\HP\HP One Agent;C:\Users\shrey\Downloads\sqlite-dll-win-x64-3460000;C:\project_name\hack\hack 3.0\rasa;C:\Users\shrey\AppData\Local\Programs\Python\Python38\Scripts;C:\Users\shrey\AppData\Local\Programs\Python\Launcher\;C:\Users\shrey\AppData\Local\Programs\Python\Python38\Scripts\;C:\Users\shrey\AppData\Local\Programs\Python\Python38\;C:\Program Files\MySQL\MySQL Shell 8.0\bin\;C:\Users\shrey\AppData\Local\Programs\Python\Python312\Scripts\;C:\Users\shrey\AppData\Local\Programs\Python\Python312\;C:\Users\shrey\AppData\Local\Microsoft\WindowsApps;C:\Users\shrey\AppData\Local\Programs\Microsoft VS Code\bin;C:\Users\shrey\Downloads\flutter_windows_3.13.5-stable\flutter\bin;C:\Program Files (x86)\Inno Setup 5;C:\Users\shrey\AppData\Roaming\npm;C:\Users\shrey\AppData\Local\GitHubDesktop\bin;;C:\Users\shrey\Downloads\flutter_windows_3.13.5-stable\flutter\bin\mingit\cmd;C:\Users\shrey\Downloads\flutter_windows_3.13.5-stable\flutter\bin\mingit\cmd
USERNAME=shrey
OS=Windows_NT
PROCESSOR_IDENTIFIER=AMD64 Family 25 Model 80 Stepping 0, AuthenticAMD
TMP=C:\Users\shrey\AppData\Local\Temp
TEMP=C:\Users\shrey\AppData\Local\Temp


JNI global refs:
JNI global refs: 27, weak refs: 1

JNI global refs memory usage: 843, weak refs: 841


---------------  S Y S T E M  ---------------

OS:
 Windows 11 , 64 bit Build 22621 (10.0.22621.3527)
OS uptime: 27 days 7:30 hours

CPU: total 12 (initial active 12) (12 cores per cpu, 2 threads per core) family 25 model 80 stepping 0 microcode 0x0, cx8, cmov, fxsr, ht, mmx, 3dnowpref, sse, sse2, sse3, ssse3, sse4a, sse4.1, sse4.2, popcnt, lzcnt, tsc, tscinvbit, avx, avx2, aes, erms, clmul, bmi1, bmi2, adx, sha, fma, vzeroupper, clflush, clflushopt

Memory: 4k page, system-wide physical 7521M (0M free)
TotalPageFile size 31073M (AvailPageFile size 25M)
current process WorkingSet (physical memory assigned to process): 33M, peak: 386M
current process commit charge ("private bytes"): 489M, peak: 494M

vm_info: OpenJDK 64-Bit Server VM (17.0.6+0-b2043.56-10027231) for windows-amd64 JRE (17.0.6+0-b2043.56-10027231), built on Apr 28 2023 00:43:19 by "androidbuild" with MS VC++ 16.10 / 16.11 (VS2019)

END.
