#
# There is insufficient memory for the Java Runtime Environment to continue.
# Native memory allocation (mmap) failed to map 123731968 bytes for G1 virtual space
# Possible reasons:
#   The system is out of physical RAM or swap space
#   The process is running with CompressedOops enabled, and the Java Heap may be blocking the growth of the native heap
# Possible solutions:
#   Reduce memory load on the system
#   Increase physical memory or swap space
#   Check if swap backing store is full
#   Decrease Java heap size (-Xmx/-Xms)
#   Decrease number of Java threads
#   Decrease Java thread stack sizes (-Xss)
#   Set larger code cache with -XX:ReservedCodeCacheSize=
#   JVM is running with Unscaled Compressed Oops mode in which the Java heap is
#     placed in the first 4GB address space. The Java Heap base address is the
#     maximum limit for the native heap growth. Please use -XX:HeapBaseMinAddress
#     to set the Java Heap base and to place the Java Heap above 4GB virtual address.
# This output file may be truncated or incomplete.
#
#  Out of Memory Error (os_windows.cpp:3600), pid=60744, tid=47796
#
# JRE version:  (21.0.2+13) (build )
# Java VM: Java HotSpot(TM) 64-Bit Server VM (21.0.2+13-LTS-58, mixed mode, sharing, tiered, compressed oops, compressed class ptrs, g1 gc, windows-amd64)
# No core dump will be written. Minidumps are not enabled by default on client versions of Windows
#

---------------  S U M M A R Y ------------

Command Line: -Dorg.gradle.appname=gradlew org.gradle.wrapper.GradleWrapperMain :audioplayers_android:dependencies --write-locks

Host: AMD Ryzen 5 5600H with Radeon Graphics         , 12 cores, 7G,  Windows 11 , 64 bit Build 22621 (10.0.22621.3527)
Time: Thu Jun 27 17:24:47 2024 India Standard Time elapsed time: 0.027184 seconds (0d 0h 0m 0s)

---------------  T H R E A D  ---------------

Current thread (0x00000199ac93c520):  JavaThread "Unknown thread" [_thread_in_vm, id=47796, stack(0x0000000bc8000000,0x0000000bc8100000) (1024K)]

Stack: [0x0000000bc8000000,0x0000000bc8100000]
Native frames: (J=compiled Java code, j=interpreted, Vv=VM code, C=native code)
V  [jvm.dll+0x6cade9]
V  [jvm.dll+0x8569c1]
V  [jvm.dll+0x858d2e]
V  [jvm.dll+0x859413]
V  [jvm.dll+0x280e56]
V  [jvm.dll+0x6c74d5]
V  [jvm.dll+0x6bbeca]
V  [jvm.dll+0x355bca]
V  [jvm.dll+0x35d816]
V  [jvm.dll+0x3ae67e]
V  [jvm.dll+0x3ae928]
V  [jvm.dll+0x3295dc]
V  [jvm.dll+0x32a16b]
V  [jvm.dll+0x81efa9]
V  [jvm.dll+0x3bba01]
V  [jvm.dll+0x807928]
V  [jvm.dll+0x44f50e]
V  [jvm.dll+0x450e11]
C  [jli.dll+0x52a3]
C  [ucrtbase.dll+0x29333]
C  [KERNEL32.DLL+0x1257d]
C  [ntdll.dll+0x5aa48]


---------------  P R O C E S S  ---------------

Threads class SMR info:
_java_thread_list=0x00007ffcf76ebb88, length=0, elements={
}

Java Threads: ( => current thread )
Total: 0

Other Threads:
  0x00000199acb58e00 WorkerThread "GC Thread#0"                     [id=63760, stack(0x0000000bc8100000,0x0000000bc8200000) (1024K)]
  0x00000199acb692e0 ConcurrentGCThread "G1 Main Marker"            [id=67972, stack(0x0000000bc8200000,0x0000000bc8300000) (1024K)]
  0x00000199acb6b590 WorkerThread "G1 Conc#0"                       [id=54652, stack(0x0000000bc8300000,0x0000000bc8400000) (1024K)]

[error occurred during error reporting (printing all threads), id 0xc0000005, EXCEPTION_ACCESS_VIOLATION (0xc0000005) at pc=0x00007ffcf6e5c6a7]
VM state: not at safepoint (not fully initialized)

VM Mutex/Monitor currently owned by a thread:  ([mutex/lock_event])
[0x00007ffcf775ce68] Heap_lock - owner thread: 0x00000199ac93c520

Heap address: 0x000000008a600000, size: 1882 MB, Compressed Oops mode: 32-bit

CDS archive(s) mapped at: [0x0000000000000000-0x0000000000000000-0x0000000000000000), size 0, SharedBaseAddress: 0x0000000800000000, ArchiveRelocationMode: 1.
Narrow klass base: 0x0000000000000000, Narrow klass shift: 0, Narrow klass range: 0x0

GC Precious Log:
 CardTable entry size: 512
 Card Set container configuration: InlinePtr #cards 5 size 8 Array Of Cards #cards 12 size 40 Howl #buckets 4 coarsen threshold 1843 Howl Bitmap #cards 512 size 80 coarsen threshold 460 Card regions per heap region 1 cards per card region 2048

Heap:
 garbage-first heap   total 0K, used 0K [0x000000008a600000, 0x0000000100000000)
  region size 1024K, 0 young (0K), 0 survivors (0K)

[error occurred during error reporting (printing heap information), id 0xc0000005, EXCEPTION_ACCESS_VIOLATION (0xc0000005) at pc=0x00007ffcf72439f9]
GC Heap History (0 events):
No events

Dll operation events (1 events):
Event: 0.014 Loaded shared library C:\Program Files\Java\jdk-21\bin\java.dll

Deoptimization events (0 events):
No events

Classes loaded (0 events):
No events

Classes unloaded (0 events):
No events

Classes redefined (0 events):
No events

Internal exceptions (0 events):
No events

ZGC Phase Switch (0 events):
No events

VM Operations (0 events):
No events

Events (0 events):
No events


Dynamic libraries:
0x00007ff6031f0000 - 0x00007ff603200000 	C:\Program Files\Java\jdk-21\bin\java.exe
0x00007ffd9d7f0000 - 0x00007ffd9da07000 	C:\WINDOWS\SYSTEM32\ntdll.dll
0x00007ffd9c740000 - 0x00007ffd9c804000 	C:\WINDOWS\System32\KERNEL32.DLL
0x00007ffd9b0b0000 - 0x00007ffd9b457000 	C:\WINDOWS\System32\KERNELBASE.dll
0x00007ffd9ad60000 - 0x00007ffd9ae71000 	C:\WINDOWS\System32\ucrtbase.dll
0x00007ffd55460000 - 0x00007ffd55479000 	C:\Program Files\Java\jdk-21\bin\jli.dll
0x00007ffd68390000 - 0x00007ffd683ab000 	C:\Program Files\Java\jdk-21\bin\VCRUNTIME140.dll
0x00007ffd9d3a0000 - 0x00007ffd9d452000 	C:\WINDOWS\System32\ADVAPI32.dll
0x00007ffd9c810000 - 0x00007ffd9c8b7000 	C:\WINDOWS\System32\msvcrt.dll
0x00007ffd9d700000 - 0x00007ffd9d7a8000 	C:\WINDOWS\System32\sechost.dll
0x00007ffd9ad30000 - 0x00007ffd9ad58000 	C:\WINDOWS\System32\bcrypt.dll
0x00007ffd9d0c0000 - 0x00007ffd9d1d5000 	C:\WINDOWS\System32\RPCRT4.dll
0x00007ffd9d550000 - 0x00007ffd9d6fe000 	C:\WINDOWS\System32\USER32.dll
0x00007ffd87720000 - 0x00007ffd879b3000 	C:\WINDOWS\WinSxS\amd64_microsoft.windows.common-controls_6595b64144ccf1df_6.0.22621.3527_none_270e469b73872a76\COMCTL32.dll
0x00007ffd9ad00000 - 0x00007ffd9ad26000 	C:\WINDOWS\System32\win32u.dll
0x00007ffd9b520000 - 0x00007ffd9b549000 	C:\WINDOWS\System32\GDI32.dll
0x00007ffd9ae80000 - 0x00007ffd9af99000 	C:\WINDOWS\System32\gdi32full.dll
0x00007ffd93070000 - 0x00007ffd9307a000 	C:\WINDOWS\SYSTEM32\VERSION.dll
0x00007ffd9afa0000 - 0x00007ffd9b03a000 	C:\WINDOWS\System32\msvcp_win.dll
0x00007ffd9c700000 - 0x00007ffd9c731000 	C:\WINDOWS\System32\IMM32.DLL
0x00007ffd6dfe0000 - 0x00007ffd6dfec000 	C:\Program Files\Java\jdk-21\bin\vcruntime140_1.dll
0x00007ffd12810000 - 0x00007ffd1289e000 	C:\Program Files\Java\jdk-21\bin\msvcp140.dll
0x00007ffcf6b20000 - 0x00007ffcf7837000 	C:\Program Files\Java\jdk-21\bin\server\jvm.dll
0x00007ffd9c610000 - 0x00007ffd9c681000 	C:\WINDOWS\System32\WS2_32.dll
0x00007ffd9a9d0000 - 0x00007ffd9aa1d000 	C:\WINDOWS\SYSTEM32\POWRPROF.dll
0x00007ffd93d90000 - 0x00007ffd93dc4000 	C:\WINDOWS\SYSTEM32\WINMM.dll
0x00007ffd9a9b0000 - 0x00007ffd9a9c3000 	C:\WINDOWS\SYSTEM32\UMPDC.dll
0x00007ffd99ba0000 - 0x00007ffd99bb8000 	C:\WINDOWS\SYSTEM32\kernel.appcore.dll
0x00007ffd6dda0000 - 0x00007ffd6ddaa000 	C:\Program Files\Java\jdk-21\bin\jimage.dll
0x00007ffd90700000 - 0x00007ffd90932000 	C:\WINDOWS\SYSTEM32\DBGHELP.DLL
0x00007ffd9bf20000 - 0x00007ffd9c2a8000 	C:\WINDOWS\System32\combase.dll
0x00007ffd9be40000 - 0x00007ffd9bf17000 	C:\WINDOWS\System32\OLEAUT32.dll
0x00007ffd7abc0000 - 0x00007ffd7abf2000 	C:\WINDOWS\SYSTEM32\dbgcore.DLL
0x00007ffd9ab10000 - 0x00007ffd9ab89000 	C:\WINDOWS\System32\bcryptPrimitives.dll
0x00007ffd55440000 - 0x00007ffd5545f000 	C:\Program Files\Java\jdk-21\bin\java.dll

dbghelp: loaded successfully - version: 4.0.5 - missing functions: none
symbol engine: initialized successfully - sym options: 0x614 - pdb path: .;C:\Program Files\Java\jdk-21\bin;C:\WINDOWS\SYSTEM32;C:\WINDOWS\WinSxS\amd64_microsoft.windows.common-controls_6595b64144ccf1df_6.0.22621.3527_none_270e469b73872a76;C:\Program Files\Java\jdk-21\bin\server

VM Arguments:
jvm_args: -Dorg.gradle.appname=gradlew 
java_command: org.gradle.wrapper.GradleWrapperMain :audioplayers_android:dependencies --write-locks
java_class_path (initial): C:\Nir\nirmaya\android\\gradle\wrapper\gradle-wrapper.jar
Launcher Type: SUN_STANDARD

[Global flags]
     intx CICompilerCount                          = 4                                         {product} {ergonomic}
     uint ConcGCThreads                            = 3                                         {product} {ergonomic}
     uint G1ConcRefinementThreads                  = 10                                        {product} {ergonomic}
   size_t G1HeapRegionSize                         = 1048576                                   {product} {ergonomic}
    uintx GCDrainStackTargetSize                   = 64                                        {product} {ergonomic}
   size_t InitialHeapSize                          = 123731968                                 {product} {ergonomic}
   size_t MarkStackSize                            = 4194304                                   {product} {ergonomic}
   size_t MaxHeapSize                              = 1973420032                                {product} {ergonomic}
   size_t MinHeapDeltaBytes                        = 1048576                                   {product} {ergonomic}
   size_t MinHeapSize                              = 8388608                                   {product} {ergonomic}
    uintx NonNMethodCodeHeapSize                   = 5839372                                {pd product} {ergonomic}
    uintx NonProfiledCodeHeapSize                  = 122909434                              {pd product} {ergonomic}
    uintx ProfiledCodeHeapSize                     = 122909434                              {pd product} {ergonomic}
    uintx ReservedCodeCacheSize                    = 251658240                              {pd product} {ergonomic}
     bool SegmentedCodeCache                       = true                                      {product} {ergonomic}
   size_t SoftMaxHeapSize                          = 1973420032                             {manageable} {ergonomic}
     bool UseCompressedOops                        = true                           {product lp64_product} {ergonomic}
     bool UseG1GC                                  = true                                      {product} {ergonomic}
     bool UseLargePagesIndividualAllocation        = false                                  {pd product} {ergonomic}

Logging:
Log output configuration:
 #0: stdout all=warning uptime,level,tags foldmultilines=false
 #1: stderr all=off uptime,level,tags foldmultilines=false

Environment Variables:
CLASSPATH=C:\Nir\nirmaya\android\\gradle\wrapper\gradle-wrapper.jar
PATH=C:\Program Files\Common Files\Oracle\Java\javapath;C:\windows\system32;C:\windows;C:\windows\System32\Wbem;C:\windows\System32\WindowsPowerShell\v1.0\;C:\windows\System32\OpenSSH\;C:\Program Files (x86)\NVIDIA Corporation\PhysX\Common;C:\Program Files\NVIDIA Corporation\NVIDIA NvDLISR;C:\WINDOWS\system32;C:\WINDOWS;C:\WINDOWS\System32\Wbem;C:\WINDOWS\System32\WindowsPowerShell\v1.0\;C:\WINDOWS\System32\OpenSSH\;C:\Program Files\dotnet\;C:\MinGW\bin;C:\Program Files\Git\cmd;C:\Program Files\nodejs\;C:\Program Files\HP\HP One Agent;C:\Users\shrey\Downloads\sqlite-dll-win-x64-3460000;C:\project_name\hack\hack 3.0\rasa;C:\Users\shrey\AppData\Local\Programs\Python\Python38\Scripts;C:\Users\shrey\AppData\Local\Programs\Python\Launcher\;C:\Users\shrey\AppData\Local\Programs\Python\Python38\Scripts\;C:\Users\shrey\AppData\Local\Programs\Python\Python38\;C:\Program Files\MySQL\MySQL Shell 8.0\bin\;C:\Users\shrey\AppData\Local\Programs\Python\Python312\Scripts\;C:\Users\shrey\AppData\Local\Programs\Python\Python312\;C:\Users\shrey\AppData\Local\Microsoft\WindowsApps;C:\Users\shrey\AppData\Local\Programs\Microsoft VS Code\bin;C:\Users\shrey\Downloads\flutter_windows_3.13.5-stable\flutter\bin;C:\Program Files (x86)\Inno Setup 5;C:\Users\shrey\AppData\Roaming\npm;C:\Users\shrey\AppData\Local\GitHubDesktop\bin;
USERNAME=shrey
OS=Windows_NT
PROCESSOR_IDENTIFIER=AMD64 Family 25 Model 80 Stepping 0, AuthenticAMD
TMP=C:\Users\shrey\AppData\Local\Temp
TEMP=C:\Users\shrey\AppData\Local\Temp




Periodic native trim disabled

---------------  S Y S T E M  ---------------

OS:
 Windows 11 , 64 bit Build 22621 (10.0.22621.3527)
OS uptime: 27 days 7:30 hours

CPU: total 12 (initial active 12) (12 cores per cpu, 2 threads per core) family 25 model 80 stepping 0 microcode 0x0, cx8, cmov, fxsr, ht, mmx, 3dnowpref, sse, sse2, sse3, ssse3, sse4a, sse4.1, sse4.2, popcnt, lzcnt, tsc, tscinvbit, avx, avx2, aes, erms, clmul, bmi1, bmi2, adx, sha, fma, vzeroupper, clflush, clflushopt, rdtscp, rdpid, fsrm, f16c, pku, cet_ss
Processor Information for all 12 processors :
  Max Mhz: 3301, Current Mhz: 3301, Mhz Limit: 3301

Memory: 4k page, system-wide physical 7521M (16M free)
TotalPageFile size 31034M (AvailPageFile size 77M)
current process WorkingSet (physical memory assigned to process): 11M, peak: 11M
current process commit charge ("private bytes"): 64M, peak: 182M

vm_info: Java HotSpot(TM) 64-Bit Server VM (21.0.2+13-LTS-58) for windows-amd64 JRE (21.0.2+13-LTS-58), built on 2024-01-05T18:32:24Z by "mach5one" with MS VC++ 17.1 (VS2022)

END.
